<?xml version="1.0" encoding="UTF-8"?>
<testsuite xmlns:xsi="http://www.w3.org/2001/XMLSchema-instance" xsi:noNamespaceSchemaLocation="https://maven.apache.org/surefire/maven-surefire-plugin/xsd/surefire-test-report-3.0.xsd" version="3.0" name="runners.LoginRunner" time="11.471" tests="8" errors="0" skipped="0" failures="0">
  <properties>
[...]
</properties>
  <testcase name="[1:9] CP01 - Login exitoso" classname="features/auth/login" time="5.149">
    <system-out><![CDATA[20:09:22.507 [main] DEBUG com.intuit.karate.Suite -- [config] karate-config.js
20:09:24.727 [main] DEBUG com.jayway.jsonpath.internal.path.CompiledPath -- Evaluating path: $
20:09:24.781 [main] DEBUG io.netty.util.internal.logging.InternalLoggerFactory -- Using SLF4J as the default logging framework
20:09:24.783 [main] DEBUG io.netty.util.internal.PlatformDependent0 -- -Dio.netty.noUnsafe: false
20:09:24.783 [main] DEBUG io.netty.util.internal.PlatformDependent0 -- Java version: 25
20:09:24.784 [main] DEBUG io.netty.util.internal.PlatformDependent0 -- sun.misc.Unsafe.theUnsafe: available
20:09:24.785 [main] DEBUG io.netty.util.internal.PlatformDependent0 -- sun.misc.Unsafe.copyMemory: available
20:09:24.787 [main] DEBUG io.netty.util.internal.PlatformDependent0 -- sun.misc.Unsafe.storeFence: available
20:09:24.788 [main] DEBUG io.netty.util.internal.PlatformDependent0 -- java.nio.Buffer.address: available
20:09:24.789 [main] DEBUG io.netty.util.internal.PlatformDependent0 -- direct buffer constructor: unavailable: Reflective setAccessible(true) disabled
20:09:24.790 [main] DEBUG io.netty.util.internal.PlatformDependent0 -- java.nio.Bits.unaligned: available, true
20:09:24.792 [main] DEBUG io.netty.util.internal.PlatformDependent0 -- jdk.internal.misc.Unsafe.allocateUninitializedArray(int): unavailable: class io.netty.util.internal.PlatformDependent0$7 cannot access class jdk.internal.misc.Unsafe (in module java.base) because module java.base does not export jdk.internal.misc to unnamed module @3e57cd70
20:09:24.795 [main] DEBUG io.netty.util.internal.PlatformDependent0 -- java.nio.DirectByteBuffer.<init>(long, {int,long}): unavailable
20:09:24.795 [main] DEBUG io.netty.util.internal.PlatformDependent -- sun.misc.Unsafe: available
20:09:24.795 [main] DEBUG io.netty.util.internal.PlatformDependent -- -Dio.netty.tmpdir: C:\Users\maria\AppData\Local\Temp (java.io.tmpdir)
20:09:24.796 [main] DEBUG io.netty.util.internal.PlatformDependent -- -Dio.netty.bitMode: 64 (sun.arch.data.model)
20:09:24.796 [main] DEBUG io.netty.util.internal.PlatformDependent -- Platform: Windows
20:09:24.798 [main] DEBUG io.netty.util.internal.PlatformDependent -- -Dio.netty.maxDirectMemory: -1 bytes
20:09:24.798 [main] DEBUG io.netty.util.internal.PlatformDependent -- -Dio.netty.uninitializedArrayAllocationThreshold: -1
20:09:24.799 [main] DEBUG io.netty.util.internal.CleanerJava9 -- java.nio.ByteBuffer.cleaner(): available
20:09:24.799 [main] DEBUG io.netty.util.internal.PlatformDependent -- -Dio.netty.noPreferDirect: false
20:09:25.264 [main] DEBUG org.apache.http.client.protocol.RequestAddCookies -- CookieSpec selected: karate
20:09:25.274 [main] DEBUG org.apache.http.client.protocol.RequestAuthCache -- Auth cache not set in the context
20:09:25.276 [main] DEBUG com.intuit.karate -- request:
1 > POST https://bnjqjtsxgoenzzjzzwhe.supabase.co/auth/v1/token?grant_type=password
1 > apikey: sb_publishable_f98rPx2O8YbjxhH5Sm3u8g_MIFqACVH
1 > Authorization: Bearer sb_publishable_f98rPx2O8YbjxhH5Sm3u8g_MIFqACVH
1 > Content-Type: application/json; charset=UTF-8
1 > Content-Length: 58
1 > Host: bnjqjtsxgoenzzjzzwhe.supabase.co
1 > Connection: Keep-Alive
1 > User-Agent: Apache-HttpClient/4.5.14 (Java/25)
1 > Accept-Encoding: gzip,deflate
{"email":"aprendiz1001@qaxpert.com","password":"12345678"}

20:09:25.279 [main] DEBUG org.apache.http.impl.conn.PoolingHttpClientConnectionManager -- Connection request: [route: {s}->https://bnjqjtsxgoenzzjzzwhe.supabase.co:443][total available: 0; route allocated: 0 of 5; total allocated: 0 of 10]
20:09:25.291 [main] DEBUG org.apache.http.impl.conn.PoolingHttpClientConnectionManager -- Connection leased: [id: 0][route: {s}->https://bnjqjtsxgoenzzjzzwhe.supabase.co:443][total available: 0; route allocated: 1 of 5; total allocated: 1 of 10]
20:09:25.292 [main] DEBUG org.apache.http.impl.execchain.MainClientExec -- Opening connection {s}->https://bnjqjtsxgoenzzjzzwhe.supabase.co:443
20:09:25.350 [main] DEBUG org.apache.http.impl.conn.DefaultHttpClientConnectionOperator -- Connecting to bnjqjtsxgoenzzjzzwhe.supabase.co/104.18.38.10:443
20:09:25.350 [main] DEBUG org.apache.http.conn.ssl.SSLConnectionSocketFactory -- Connecting socket to bnjqjtsxgoenzzjzzwhe.supabase.co/104.18.38.10:443 with timeout 30000
20:09:25.529 [main] DEBUG org.apache.http.conn.ssl.SSLConnectionSocketFactory -- Enabled protocols: [TLSv1.3, TLSv1.2]
20:09:25.529 [main] DEBUG org.apache.http.conn.ssl.SSLConnectionSocketFactory -- Enabled cipher suites:[TLS_AES_256_GCM_SHA384, TLS_AES_128_GCM_SHA256, TLS_CHACHA20_POLY1305_SHA256, TLS_ECDHE_ECDSA_WITH_AES_256_GCM_SHA384, TLS_ECDHE_ECDSA_WITH_AES_128_GCM_SHA256, TLS_ECDHE_ECDSA_WITH_CHACHA20_POLY1305_SHA256, TLS_ECDHE_RSA_WITH_AES_256_GCM_SHA384, TLS_ECDHE_RSA_WITH_CHACHA20_POLY1305_SHA256, TLS_ECDHE_RSA_WITH_AES_128_GCM_SHA256, TLS_DHE_RSA_WITH_AES_256_GCM_SHA384, TLS_DHE_RSA_WITH_CHACHA20_POLY1305_SHA256, TLS_DHE_DSS_WITH_AES_256_GCM_SHA384, TLS_DHE_RSA_WITH_AES_128_GCM_SHA256, TLS_DHE_DSS_WITH_AES_128_GCM_SHA256, TLS_ECDHE_ECDSA_WITH_AES_256_CBC_SHA384, TLS_ECDHE_RSA_WITH_AES_256_CBC_SHA384, TLS_ECDHE_ECDSA_WITH_AES_128_CBC_SHA256, TLS_ECDHE_RSA_WITH_AES_128_CBC_SHA256, TLS_DHE_RSA_WITH_AES_256_CBC_SHA256, TLS_DHE_DSS_WITH_AES_256_CBC_SHA256, TLS_DHE_RSA_WITH_AES_128_CBC_SHA256, TLS_DHE_DSS_WITH_AES_128_CBC_SHA256, TLS_ECDHE_ECDSA_WITH_AES_256_CBC_SHA, TLS_ECDHE_RSA_WITH_AES_256_CBC_SHA, TLS_ECDHE_ECDSA_WITH_AES_128_CBC_SHA, TLS_ECDHE_RSA_WITH_AES_128_CBC_SHA, TLS_DHE_RSA_WITH_AES_256_CBC_SHA, TLS_DHE_DSS_WITH_AES_256_CBC_SHA, TLS_DHE_RSA_WITH_AES_128_CBC_SHA, TLS_DHE_DSS_WITH_AES_128_CBC_SHA, TLS_EMPTY_RENEGOTIATION_INFO_SCSV]
20:09:25.529 [main] DEBUG org.apache.http.conn.ssl.SSLConnectionSocketFactory -- Starting handshake
20:09:25.813 [main] DEBUG org.apache.http.conn.ssl.SSLConnectionSocketFactory -- Secure session established
20:09:25.813 [main] DEBUG org.apache.http.conn.ssl.SSLConnectionSocketFactory --  negotiated protocol: TLSv1.3
20:09:25.813 [main] DEBUG org.apache.http.conn.ssl.SSLConnectionSocketFactory --  negotiated cipher suite: TLS_AES_256_GCM_SHA384
20:09:25.814 [main] DEBUG org.apache.http.conn.ssl.SSLConnectionSocketFactory --  peer principal: CN=supabase.co
20:09:25.814 [main] DEBUG org.apache.http.conn.ssl.SSLConnectionSocketFactory --  peer alternative names: [supabase.co, *.supabase.co]
20:09:25.814 [main] DEBUG org.apache.http.conn.ssl.SSLConnectionSocketFactory --  issuer principal: CN=WE1, O=Google Trust Services, C=US
20:09:25.817 [main] DEBUG org.apache.http.impl.conn.DefaultHttpClientConnectionOperator -- Connection established 192.168.0.160:50146<->104.18.38.10:443
20:09:25.817 [main] DEBUG org.apache.http.impl.conn.DefaultManagedHttpClientConnection -- http-outgoing-0: set socket timeout to 30000
20:09:25.817 [main] DEBUG org.apache.http.impl.execchain.MainClientExec -- Executing request POST /auth/v1/token?grant_type=password HTTP/1.1
20:09:25.817 [main] DEBUG org.apache.http.impl.execchain.MainClientExec -- Proxy auth state: UNCHALLENGED
20:09:25.819 [main] DEBUG org.apache.http.headers -- http-outgoing-0 >> POST /auth/v1/token?grant_type=password HTTP/1.1
20:09:25.820 [main] DEBUG org.apache.http.headers -- http-outgoing-0 >> apikey: sb_publishable_f98rPx2O8YbjxhH5Sm3u8g_MIFqACVH
20:09:25.820 [main] DEBUG org.apache.http.headers -- http-outgoing-0 >> Authorization: Bearer sb_publishable_f98rPx2O8YbjxhH5Sm3u8g_MIFqACVH
20:09:25.820 [main] DEBUG org.apache.http.headers -- http-outgoing-0 >> Content-Type: application/json; charset=UTF-8
20:09:25.820 [main] DEBUG org.apache.http.headers -- http-outgoing-0 >> Content-Length: 58
20:09:25.820 [main] DEBUG org.apache.http.headers -- http-outgoing-0 >> Host: bnjqjtsxgoenzzjzzwhe.supabase.co
20:09:25.820 [main] DEBUG org.apache.http.headers -- http-outgoing-0 >> Connection: Keep-Alive
20:09:25.820 [main] DEBUG org.apache.http.headers -- http-outgoing-0 >> User-Agent: Apache-HttpClient/4.5.14 (Java/25)
20:09:25.820 [main] DEBUG org.apache.http.headers -- http-outgoing-0 >> Accept-Encoding: gzip,deflate
20:09:25.821 [main] DEBUG org.apache.http.wire -- http-outgoing-0 >> "POST /auth/v1/token?grant_type=password HTTP/1.1[\r][\n]"
20:09:25.821 [main] DEBUG org.apache.http.wire -- http-outgoing-0 >> "apikey: sb_publishable_f98rPx2O8YbjxhH5Sm3u8g_MIFqACVH[\r][\n]"
20:09:25.821 [main] DEBUG org.apache.http.wire -- http-outgoing-0 >> "Authorization: Bearer sb_publishable_f98rPx2O8YbjxhH5Sm3u8g_MIFqACVH[\r][\n]"
20:09:25.821 [main] DEBUG org.apache.http.wire -- http-outgoing-0 >> "Content-Type: application/json; charset=UTF-8[\r][\n]"
20:09:25.821 [main] DEBUG org.apache.http.wire -- http-outgoing-0 >> "Content-Length: 58[\r][\n]"
20:09:25.821 [main] DEBUG org.apache.http.wire -- http-outgoing-0 >> "Host: bnjqjtsxgoenzzjzzwhe.supabase.co[\r][\n]"
20:09:25.821 [main] DEBUG org.apache.http.wire -- http-outgoing-0 >> "Connection: Keep-Alive[\r][\n]"
20:09:25.822 [main] DEBUG org.apache.http.wire -- http-outgoing-0 >> "User-Agent: Apache-HttpClient/4.5.14 (Java/25)[\r][\n]"
20:09:25.822 [main] DEBUG org.apache.http.wire -- http-outgoing-0 >> "Accept-Encoding: gzip,deflate[\r][\n]"
20:09:25.822 [main] DEBUG org.apache.http.wire -- http-outgoing-0 >> "[\r][\n]"
20:09:25.822 [main] DEBUG org.apache.http.wire -- http-outgoing-0 >> "{"email":"aprendiz1001@qaxpert.com","password":"12345678"}"
20:09:27.556 [main] DEBUG org.apache.http.wire -- http-outgoing-0 << "HTTP/1.1 200 OK[\r][\n]"
20:09:27.557 [main] DEBUG org.apache.http.wire -- http-outgoing-0 << "Date: Sun, 26 Apr 2026 23:09:27 GMT[\r][\n]"
20:09:27.557 [main] DEBUG org.apache.http.wire -- http-outgoing-0 << "Content-Type: application/json[\r][\n]"
20:09:27.557 [main] DEBUG org.apache.http.wire -- http-outgoing-0 << "Transfer-Encoding: chunked[\r][\n]"
20:09:27.557 [main] DEBUG org.apache.http.wire -- http-outgoing-0 << "Connection: keep-alive[\r][\n]"
20:09:27.558 [main] DEBUG org.apache.http.wire -- http-outgoing-0 << "CF-Ray: 9f29414d2846ee13-EZE[\r][\n]"
20:09:27.558 [main] DEBUG org.apache.http.wire -- http-outgoing-0 << "CF-Cache-Status: DYNAMIC[\r][\n]"
20:09:27.558 [main] DEBUG org.apache.http.wire -- http-outgoing-0 << "Content-Encoding: gzip[\r][\n]"
20:09:27.558 [main] DEBUG org.apache.http.wire -- http-outgoing-0 << "Server: cloudflare[\r][\n]"
20:09:27.558 [main] DEBUG org.apache.http.wire -- http-outgoing-0 << "Strict-Transport-Security: max-age=31536000; includeSubDomains; preload[\r][\n]"
20:09:27.559 [main] DEBUG org.apache.http.wire -- http-outgoing-0 << "Vary: Origin, Accept-Encoding[\r][\n]"
20:09:27.559 [main] DEBUG org.apache.http.wire -- http-outgoing-0 << "X-Content-Type-Options: nosniff[\r][\n]"
20:09:27.559 [main] DEBUG org.apache.http.wire -- http-outgoing-0 << "sb-auth-refresh-token-prefix: pb7fc[\r][\n]"
20:09:27.559 [main] DEBUG org.apache.http.wire -- http-outgoing-0 << "sb-auth-session-id: fd963d6e-22e2-46b0-a8ab-8c156531f584[\r][\n]"
20:09:27.559 [main] DEBUG org.apache.http.wire -- http-outgoing-0 << "sb-auth-user-id: e3554e64-1780-45be-a5d8-f902fc9007bf[\r][\n]"
20:09:27.560 [main] DEBUG org.apache.http.wire -- http-outgoing-0 << "sb-gateway-version: 1[\r][\n]"
20:09:27.560 [main] DEBUG org.apache.http.wire -- http-outgoing-0 << "sb-project-ref: bnjqjtsxgoenzzjzzwhe[\r][\n]"
20:09:27.560 [main] DEBUG org.apache.http.wire -- http-outgoing-0 << "sb-request-id: 019dcc0e-0c44-7601-884d-7c22aef238fe[\r][\n]"
20:09:27.560 [main] DEBUG org.apache.http.wire -- http-outgoing-0 << "x-envoy-attempt-count: 1[\r][\n]"
20:09:27.560 [main] DEBUG org.apache.http.wire -- http-outgoing-0 << "x-envoy-upstream-service-time: 447[\r][\n]"
20:09:27.561 [main] DEBUG org.apache.http.wire -- http-outgoing-0 << "set-cookie: __cf_bm=Ul8ofmnL6ijlF.dlhkhqQc8_CL3hg4ZSdfW59YWHjwk-1777244965.9489696-1.0.1.1-.OBr2m60V_5GPLARwAEpkn7DHHR6Kx5REE7XiGHgRH1eM9GE5eZz8mwKAS0pVuqpMrC_Wj_3_yvez..h1zJAnu2rM5qwatMoziG_X9PL0atlquvX4b8BBr_WRpycwywZ; HttpOnly; Secure; Path=/; Domain=supabase.co; Expires=Sun, 26 Apr 2026 23:39:27 GMT[\r][\n]"
20:09:27.561 [main] DEBUG org.apache.http.wire -- http-outgoing-0 << "alt-svc: h3=":443"; ma=86400[\r][\n]"
20:09:27.561 [main] DEBUG org.apache.http.wire -- http-outgoing-0 << "[\r][\n]"
20:09:27.561 [main] DEBUG org.apache.http.wire -- http-outgoing-0 << "4d9[\r][\n]"
20:09:27.562 [main] DEBUG org.apache.http.wire -- http-outgoing-0 << "[0x1f][0x8b][0x8][0x0][0x0][0x0][0x0][0x0][0x0][0x3][0xc4]Tk[0x93][0x9a]H[0x14][0xfd]+)[0xbf][0xee]8[0xd5]4[0xaf][0xc1]O;[0xe3][0x88][0xe2][\n]"
20:09:27.562 [main] DEBUG org.apache.http.wire -- http-outgoing-0 << "FGE[0xd8]JYM[0x3][0xd2]J[0x3][0xe1]!b*[0xff]}o[0x9b][0x99]IR[0x95][0xec]fj[0xb7]j?X[0xca][0xf5][0x9e][0xfb]8[0xe7]p?[0xf5][0x8][0xa5]QU[0xed][0xea][0xfc][0x18]e[0xbd]A/[0xea][0xa6]I0[0xa6]l[0xce][0xa6][0xe6][0xfa]bI[0xe][0xb3]*[0x8b][0xd7][0x85]?[0xb4]4[0xeb]@[0x91]w[0xf0][0xda][0xb9][0xbb]F3[0xd7]L[0xed][0x8b]];[0x8f][0xfb][0x8b][0xfd]$%[0xf3][0xc7]u7[[0xdd]+[0xce][0xc1]:[0xdb]+[0x9f][0xdb]x[0x84][0xaf][0xd8]l[0xa9]R[0x81]=[0x16][0xdb][0xcd]pj[0xdc]B[0x83][0x82][0xca][0xb6]h[0x90][0x87][0x93]eK/[0xf9]i[0x86][0xa7][\r][0xc9][0xcc][0x8f][0xe1][0xc4]Q|l[0xa4]AVh[0x4]>!N[0xd2]Y[0xe6]Htl2o[0xeb][0xa4]3[0xee]@[0xae])[0x85][0xe3][0xfd])<[0x8c][0xd8]l8[0xbd][0x84][0xae]%j[0xc1]0k[0xc9][0x19][0xaf][0xb1]3Dg[0xe7][0xb2]og[0xab][0x85][0xe4][0xf1]u[0xed][0xad]6[0xc7][0xf9]P[0xe2][0xf3][0xd5]}[0x7]c[0xa9][0xf6][0xe3][0xbd][0xec]qO`[0x93][0xd0]][0x8]l[0x12]n[0x97][0xb9][0xef][0xaa][0x88][0xb8]N[0x12][0x8e]7G[0x8b][0xb5][0xcc][0xdf]&[0xad]u[0xc8][0xa1][0x16]L{X([0xce][0xca][0x93][0x1]Sx[[0xc0][0x1c]F2[0xc4];[0xe7]q[0xa1]:[0x7][\n]"
20:09:27.563 [main] DEBUG org.apache.http.wire -- http-outgoing-0 << "[0x4]mj[0xcf]M+[0xc8][0x87]9[0x1f]:[0xa8]u$[0xdb][0xfc][0xc]"
20:09:27.568 [main] DEBUG org.apache.http.headers -- http-outgoing-0 << HTTP/1.1 200 OK
20:09:27.569 [main] DEBUG org.apache.http.headers -- http-outgoing-0 << Date: Sun, 26 Apr 2026 23:09:27 GMT
20:09:27.569 [main] DEBUG org.apache.http.headers -- http-outgoing-0 << Content-Type: application/json
20:09:27.569 [main] DEBUG org.apache.http.headers -- http-outgoing-0 << Transfer-Encoding: chunked
20:09:27.569 [main] DEBUG org.apache.http.headers -- http-outgoing-0 << Connection: keep-alive
20:09:27.570 [main] DEBUG org.apache.http.headers -- http-outgoing-0 << CF-Ray: 9f29414d2846ee13-EZE
20:09:27.570 [main] DEBUG org.apache.http.headers -- http-outgoing-0 << CF-Cache-Status: DYNAMIC
20:09:27.570 [main] DEBUG org.apache.http.headers -- http-outgoing-0 << Content-Encoding: gzip
20:09:27.570 [main] DEBUG org.apache.http.headers -- http-outgoing-0 << Server: cloudflare
20:09:27.570 [main] DEBUG org.apache.http.headers -- http-outgoing-0 << Strict-Transport-Security: max-age=31536000; includeSubDomains; preload
20:09:27.570 [main] DEBUG org.apache.http.headers -- http-outgoing-0 << Vary: Origin, Accept-Encoding
20:09:27.570 [main] DEBUG org.apache.http.headers -- http-outgoing-0 << X-Content-Type-Options: nosniff
20:09:27.571 [main] DEBUG org.apache.http.headers -- http-outgoing-0 << sb-auth-refresh-token-prefix: pb7fc
20:09:27.571 [main] DEBUG org.apache.http.headers -- http-outgoing-0 << sb-auth-session-id: fd963d6e-22e2-46b0-a8ab-8c156531f584
20:09:27.571 [main] DEBUG org.apache.http.headers -- http-outgoing-0 << sb-auth-user-id: e3554e64-1780-45be-a5d8-f902fc9007bf
20:09:27.571 [main] DEBUG org.apache.http.headers -- http-outgoing-0 << sb-gateway-version: 1
20:09:27.571 [main] DEBUG org.apache.http.headers -- http-outgoing-0 << sb-project-ref: bnjqjtsxgoenzzjzzwhe
20:09:27.571 [main] DEBUG org.apache.http.headers -- http-outgoing-0 << sb-request-id: 019dcc0e-0c44-7601-884d-7c22aef238fe
20:09:27.571 [main] DEBUG org.apache.http.headers -- http-outgoing-0 << x-envoy-attempt-count: 1
20:09:27.572 [main] DEBUG org.apache.http.headers -- http-outgoing-0 << x-envoy-upstream-service-time: 447
20:09:27.572 [main] DEBUG org.apache.http.headers -- http-outgoing-0 << set-cookie: __cf_bm=Ul8ofmnL6ijlF.dlhkhqQc8_CL3hg4ZSdfW59YWHjwk-1777244965.9489696-1.0.1.1-.OBr2m60V_5GPLARwAEpkn7DHHR6Kx5REE7XiGHgRH1eM9GE5eZz8mwKAS0pVuqpMrC_Wj_3_yvez..h1zJAnu2rM5qwatMoziG_X9PL0atlquvX4b8BBr_WRpycwywZ; HttpOnly; Secure; Path=/; Domain=supabase.co; Expires=Sun, 26 Apr 2026 23:39:27 GMT
20:09:27.572 [main] DEBUG org.apache.http.headers -- http-outgoing-0 << alt-svc: h3=":443"; ma=86400
20:09:27.581 [main] DEBUG org.apache.http.impl.execchain.MainClientExec -- Connection can be kept alive indefinitely
20:09:27.629 [main] DEBUG org.apache.http.client.protocol.ResponseProcessCookies -- Cookie accepted [__cf_bm="Ul8ofmnL6ijlF.dlhkhqQc8_CL3hg4ZSdfW59YWHjwk-1777244965.9489696-1.0.1.1-.OBr2m60V_5GPLARwAEpkn7DHHR6K...", version:0, domain:supabase.co, path:/, expiry:Sun Apr 26 20:39:27 GMT-03:00 2026]
20:09:27.634 [main] DEBUG org.apache.http.wire -- http-outgoing-0 << "[0xbd][0xce][0x8b][0x89][0x99]D[0x93][0x87][0x94]f[0x8b][0xc6][0xc3]F-j[0xd3]qr[\n]"
20:09:27.635 [main] DEBUG org.apache.http.wire -- http-outgoing-0 << "[0xf8][0x1a]z[[0xd7]9[0xe8][0xe4]![0xe][0xdc][\r][0xf2][0xdc]%[0xf4][0x1f][0xb1]yV1:[0x99][0x9e]B[0x9e][0x1e][0xfd][0xed][0x97][0xfd][0x2][0xd7],[0x82][0xa1] [0xf4][0xa1][0xb]d[0xbf][0xf0][0xc7][0x9b][0x8e]v[0x96][0xe6]v/[0xff]M[0xc3][0xf8][0xa9]e![0xf0]DS[0xa3][0xf6][0xb7][0xcb][0xc4][0x1f][0x9b][0xc8]{[0xb2]4[0xe0][0xfc][0x10][0xc8][0x9b]&[0x9c]LU1[0xe3][0x2][0x1b]U[0x80]%F[0xdc]+[0x87]/[0xb5]5[0x8b][0x9b]-[0xe5][0x9b][0xc6][0x1f][0xa7][0x9a][0xbd][0xba]o[0xed][0xf5][0xc3][0xd9][0x3][0x1e][0xfc][0xed][0x14][0x9][0xee][0x83]'[0xeb]u[0xd7][0xad][0xec][0xa7][0x94][0xa7][0x9c][0xb8][0xc0][0xd7][0xa1]@4[0xdb][0xa4]P[0x8b][0x87][0xee][0xb9][\n]"
20:09:27.636 [main] DEBUG org.apache.http.wire -- http-outgoing-0 << "[0xb8]Y[0xfb]OB[0xf4][0xaf][0xf5][0xac][0x91]Z[0x4][0xbc]H[0xac][0x91][0xa2][0xec]a[0xed]o[0x1d][0xe0][[0xcd][0xbe][0xf2][0xb1][0x89]C[0xbe][0xe9][0x88][0xb][0xbb][0x9]][0xb8][0x9f][0x4][0x13]'[0xfd][0x97][0x1a][0xcb]W[0xf3][0xb1]Jr.vk?[0x8e][0xc0][0x9c]V[0x7][0xc6]e[0x82]+[0xca][0x8d][0xea]:'[0x17][0x9e]J[0xc0]w[0xcb][0xc2][0xc3]&[0x12][0xfd][0x85].[0x9e][0xdb]^[0xfd][0x1][0xdf]g1[0xa7][0xe7]J[0x1d][0xec][0x1a][0x0][0x9f][0x82][0xdf]<[0xc0]W[0xff][0xb4][0xe0][0xcd]K[0x88][0x8d][0xce][0xbf][0xea][0xb3],@[0xcb]K86k[0xd1][0xdb]^Q[0xf0][0x8a][0x85][0x9c][0xc7]#vd)[0x14][0xfb][0xc0][0xee][0x17][0xe2][0x1a][0xcd][0x16][0xa7]G[0xa1][0x87][0xcf][0x85][0x8f][0x9c][0xa3][0x3][0xbb][0xd8][0x7][0xd8][0x93]![0xe4]p[0xab][0x9d][0xb9]#[0xc5]s[0xad]z>[0xb6][0xcf][0xe0]?[0xc9][0xbe][0x98][0xdc]Y[0xed][0x91][0x98][0x85]l[0x9d][0xd8]s[0xd5]S[0x90][0xa5]5h{[0x81][0xb9][0xb8][0xe7][0x9e][0xa1]6[0xba][0xf5][0xa6][0xf1]D&[0xb4][0x8c][0xb][0xda])[0x9a][0x89]$E[0x1b][0xdf]![0xc6][0xf5]b[0xb8]9.[0x9a][0xf7]r[0xbd][0xd4]/[0xd1]&[0x6][0xe4][0xf1]V[0xd3][0x1c]mj[0xdc][0x1f]v[0xba]u[0xaf][0xc6][0xfb]?[0xd6]2*W[0xfb]1[0xb1][0xda][0xa8][0x1b]N[0x9e][0x1e]?.9S[0xf7][0xd5][0xbe]w[0xd3][0xbb]^[0x89]][0xdd][0x15][0x11][0x9c][0x8a] "eTB4:[0x17][0xac][0x8c][0xaa][0x1d][0x83][0x3]"k[0x8]}[0x8d][0x90][0xba]7[0x90]t][0xc7][0xca][0x9d][0xaa][0xe9]7[0xbd]2[0x8a]![0x9c][0xbc]^[0x9b]"[0xd0]c[0x9a][0x84][0xa4][0xde][0x9f]r([0xd4]TPo[0xf0][0xa9][0xc7]Bq[0x89]dUU"M[0xe9]K[0xfa][0x1d][0xea]+j[0x10][0xf5][0x89][0x1a][0xde][0xf5]c[0x3][0xe1][0x98][0x1a][0x8][0xe9]A[0xc][0x18][0xd2][0x88]d[0xd2][0xd4]I[0x94][0xd5][0x8c][0x92]:[\n]"
20:09:27.636 [main] DEBUG org.apache.http.wire -- http-outgoing-0 << "!Z[0xe6]i[0xf4][0x83]p[0xc4][0x9]KE[0xbc]([0xa3],d[0x17][0x9]![0xe9][0xf7][0x8f][0xe4]\De}Ks[0xfe][0x92][0xb2][0xa3]y[0x16][0xb3][0x92]G[0xe1]u[0x85][0x1e]FX[0xeb]#[0xb9][0x8f][0xd5][0x15][0xc6][0x3],[\r][0x14][0xfd][0x16][0xc6][0xb8][0xc3][0xaa][0xf][0x90]"[0xc9]3[0xd1][\r]~[0xbe][0x9][0x97][0x92][0xaa][0xde]Ul[0x9f][0x1]s[0xdf][0xe6]+}[0xac][0xad][0xb0]<@[0xc6][0x0][0xeb][0xb7][0x8a]z'[0xcb]HQe[0x1]!E[0xb1][0xe3]QM[0x80]2"[0x98]*[0xca][0xfc][0xc4]B[0xc1][0xda][0xf3]n7[0xaf][0xa1][0xaa]7[0xf8][0xf3]9[0xf8][0xe1][0xf3][0x17]n[0xbf][0x83][0xd2][0xbc][0xc9][0xea][0xb2][0x3][0xe4]0Os[0x1e]0[0xf2][0x16][0x82]NQ[0xc9]b[0x6][0xa4][0xe][0xea][0xb2][0x89]nzq[0x93][0xa6][0x19][0xe1][0x82][0x86][0xfb]g[0xec];[0x87]e[0x7][0xf2][0xce][0xcc][0xcb]w[0xab][0xa8][0xaa]Y[0xb6][0xe1][0xea][0x1b]tL[0xd2][\n]"
20:09:27.637 [main] DEBUG org.apache.http.wire -- http-outgoing-0 << "[0xe0]U[0x13][0xfc][0xba][0xe4]m[0x1][0xb9][0xbf][0xa9][0xba][0xc][0xc3]I[0x12][0xc6][0xb2][0xdc][0x83][0x5]agP[0xba]f[0x91]X[0xfc][0xd3][0xcb]c[0xb7][0xbb][0x9a])[0xe]5]7$[0xd2][0xa7][\n]"
20:09:27.637 [main] DEBUG org.apache.http.wire -- http-outgoing-0 << "[0x8d][0xfb][0x8a][0xa1][0x91]>Q[0x88][0x4][0xda]P-[0x94][0x8c]P[0x97]I[0xd0][0xbb]y[0x93][0xf1][0xae][0x84][0xbe][0x5][0xf0]:[0xd1][0xad][0xc0]3[0x87][0xff][0xbf][0x4]?p[0xe3][0xcf]<[0xfe][0xfd];qgH*[0x16][0xfe][0xa6]e$^[0xd5][0xbf][0xcd]4[0xbe][0xa4]6E[0xf8][0xab][0xa9][0xff][0xc8][0xe9][0xe7][0xf][0xbf][0xd0]Z7[0xe0][0x8e])?i[0xfd][0xfd];[0xab]b]2t[0x91][0xca][0xe0][0x8]fy[0xd6][0xf1][0xbc][0xa9][0x9e][0xa9][0x6][0xa2][0xda][0x88][0x1c]w[0x5][0xa9][0xaa]6/A[0x81][0xc][0x94][0xfb][0xfc][0x17][0x0][0x0][0x0][0xff][0xff][0x3][0x0][0xf2][0xdd][0x8e][0xd6][0x8b][0x9][0x0][0x0][\r][\n]"
20:09:27.639 [main] DEBUG org.apache.http.wire -- http-outgoing-0 << "0[\r][\n]"
20:09:27.639 [main] DEBUG org.apache.http.wire -- http-outgoing-0 << "[\r][\n]"
20:09:27.640 [main] DEBUG org.apache.http.impl.conn.PoolingHttpClientConnectionManager -- Connection [id: 0][route: {s}->https://bnjqjtsxgoenzzjzzwhe.supabase.co:443] can be kept alive indefinitely
20:09:27.640 [main] DEBUG org.apache.http.impl.conn.DefaultManagedHttpClientConnection -- http-outgoing-0: set socket timeout to 0
20:09:27.640 [main] DEBUG org.apache.http.impl.conn.PoolingHttpClientConnectionManager -- Connection released: [id: 0][route: {s}->https://bnjqjtsxgoenzzjzzwhe.supabase.co:443][total available: 1; route allocated: 1 of 5; total allocated: 1 of 10]
20:09:27.641 [main] DEBUG org.apache.http.impl.conn.PoolingHttpClientConnectionManager -- Connection manager is shutting down
20:09:27.644 [main] DEBUG org.apache.http.impl.conn.DefaultManagedHttpClientConnection -- http-outgoing-0: Close connection
20:09:27.648 [main] DEBUG org.apache.http.impl.conn.PoolingHttpClientConnectionManager -- Connection manager shut down
20:09:27.658 [main] DEBUG io.netty.util.internal.InternalThreadLocalMap -- -Dio.netty.threadLocalMap.stringBuilder.initialSize: 1024
20:09:27.658 [main] DEBUG io.netty.util.internal.InternalThreadLocalMap -- -Dio.netty.threadLocalMap.stringBuilder.maxSize: 4096
20:09:27.661 [main] DEBUG com.intuit.karate -- response time in milliseconds: 2364
1 < 200
1 < Date: Sun, 26 Apr 2026 23:09:27 GMT
1 < Content-Type: application/json
1 < Transfer-Encoding: chunked
1 < Connection: keep-alive
1 < CF-Ray: 9f29414d2846ee13-EZE
1 < CF-Cache-Status: DYNAMIC
1 < Server: cloudflare
1 < Strict-Transport-Security: max-age=31536000; includeSubDomains; preload
1 < Vary: Origin, Accept-Encoding
1 < X-Content-Type-Options: nosniff
1 < sb-auth-refresh-token-prefix: pb7fc
1 < sb-auth-session-id: fd963d6e-22e2-46b0-a8ab-8c156531f584
1 < sb-auth-user-id: e3554e64-1780-45be-a5d8-f902fc9007bf
1 < sb-gateway-version: 1
1 < sb-project-ref: bnjqjtsxgoenzzjzzwhe
1 < sb-request-id: 019dcc0e-0c44-7601-884d-7c22aef238fe
1 < x-envoy-attempt-count: 1
1 < x-envoy-upstream-service-time: 447
1 < set-cookie: __cf_bm=Ul8ofmnL6ijlF.dlhkhqQc8_CL3hg4ZSdfW59YWHjwk-1777244965.9489696-1.0.1.1-.OBr2m60V_5GPLARwAEpkn7DHHR6Kx5REE7XiGHgRH1eM9GE5eZz8mwKAS0pVuqpMrC_Wj_3_yvez..h1zJAnu2rM5qwatMoziG_X9PL0atlquvX4b8BBr_WRpycwywZ; HttpOnly; Secure; Path=/; Domain=supabase.co; Expires=Sun, 26 Apr 2026 23:39:27 GMT
1 < alt-svc: h3=":443"; ma=86400
1 < Set-Cookie: __cf_bm=Ul8ofmnL6ijlF.dlhkhqQc8_CL3hg4ZSdfW59YWHjwk-1777244965.9489696-1.0.1.1-.OBr2m60V_5GPLARwAEpkn7DHHR6Kx5REE7XiGHgRH1eM9GE5eZz8mwKAS0pVuqpMrC_Wj_3_yvez..h1zJAnu2rM5qwatMoziG_X9PL0atlquvX4b8BBr_WRpycwywZ; HttpOnly; Secure; Path=/; Domain=supabase.co; Expires=Sun, 26 Apr 2026 23:39:27 GMT
{"access_token":"eyJhbGciOiJFUzI1NiIsImtpZCI6Ijc0YjYwOWU0LWFlMzMtNDgzMS1hODUyLTA4NjIxMTZmM2E2NiIsInR5cCI6IkpXVCJ9.eyJpc3MiOiJodHRwczovL2JuanFqdHN4Z29lbnp6anp6d2hlLnN1cGFiYXNlLmNvL2F1dGgvdjEiLCJzdWIiOiJlMzU1NGU2NC0xNzgwLTQ1YmUtYTVkOC1mOTAyZmM5MDA3YmYiLCJhdWQiOiJhdXRoZW50aWNhdGVkIiwiZXhwIjoxNzc3MjQ4NTY3LCJpYXQiOjE3NzcyNDQ5NjcsImVtYWlsIjoiYXByZW5kaXoxMDAxQHFheHBlcnQuY29tIiwicGhvbmUiOiIiLCJhcHBfbWV0YWRhdGEiOnsicHJvdmlkZXIiOiJlbWFpbCIsInByb3ZpZGVycyI6WyJlbWFpbCJdfSwidXNlcl9tZXRhZGF0YSI6eyJjb3VudHJ5IjoiQ29sb21iaWEiLCJlbWFpbCI6ImFwcmVuZGl6MTAwMUBxYXhwZXJ0LmNvbSIsImVtYWlsX3ZlcmlmaWVkIjp0cnVlLCJmdWxsbmFtZSI6IkFwcmVuZGl6IE5pbmphIEZvciBUZXN0aW5nIiwicGhvbmVfdmVyaWZpZWQiOmZhbHNlLCJzdWIiOiJlMzU1NGU2NC0xNzgwLTQ1YmUtYTVkOC1mOTAyZmM5MDA3YmYiLCJ3cCI6Iis1NzMwMDExMTIyMzMifSwicm9sZSI6ImF1dGhlbnRpY2F0ZWQiLCJhYWwiOiJhYWwxIiwiYW1yIjpbeyJtZXRob2QiOiJwYXNzd29yZCIsInRpbWVzdGFtcCI6MTc3NzI0NDk2N31dLCJzZXNzaW9uX2lkIjoiZmQ5NjNkNmUtMjJlMi00NmIwLWE4YWItOGMxNTY1MzFmNTg0IiwiaXNfYW5vbnltb3VzIjpmYWxzZX0.YJfH3acrfpcy46F0146G80im7pCVkQuP3tR7zeVfZGFofX66N6J9Aj_7IA5fgKU30rTgGaIweyCHSDqRmi5gsg","token_type":"bearer","expires_in":3600,"expires_at":1777248567,"refresh_token":"pb7fchdatgvo","user":{"id":"e3554e64-1780-45be-a5d8-f902fc9007bf","aud":"authenticated","role":"authenticated","email":"aprendiz1001@qaxpert.com","email_confirmed_at":"2026-03-25T22:21:47.902825Z","phone":"","confirmed_at":"2026-03-25T22:21:47.902825Z","last_sign_in_at":"2026-04-26T23:09:27.458330453Z","app_metadata":{"provider":"email","providers":["email"]},"user_metadata":{"country":"Colombia","email":"aprendiz1001@qaxpert.com","email_verified":true,"fullname":"Aprendiz Ninja For Testing","phone_verified":false,"sub":"e3554e64-1780-45be-a5d8-f902fc9007bf","wp":"+573001112233"},"identities":[{"identity_id":"fd67791a-c4cf-496a-a4a1-03c6d19d73ab","id":"e3554e64-1780-45be-a5d8-f902fc9007bf","user_id":"e3554e64-1780-45be-a5d8-f902fc9007bf","identity_data":{"country":"Colombia","email":"aprendiz1001@qaxpert.com","email_verified":false,"fullname":"Aprendiz Ninja For Testing","phone_verified":false,"sub":"e3554e64-1780-45be-a5d8-f902fc9007bf","wp":"+573001112233"},"provider":"email","last_sign_in_at":"2026-03-25T22:21:47.89152Z","created_at":"2026-03-25T22:21:47.891952Z","updated_at":"2026-03-25T22:21:47.891952Z","email":"aprendiz1001@qaxpert.com"}],"created_at":"2026-03-25T22:21:47.797244Z","updated_at":"2026-04-26T23:09:27.527197Z","is_anonymous":false},"weak_password":null}

20:09:27.681 [main] DEBUG com.jayway.jsonpath.internal.path.CompiledPath -- Evaluating path: $
]]></system-out>
  </testcase>
  <testcase name="[2.1:41] CP02 - Login con Usuario no registrado" classname="features/auth/login" time="0.388">
    <system-out><![CDATA[20:09:27.730 [main] DEBUG com.jayway.jsonpath.internal.path.CompiledPath -- Evaluating path: $
20:09:27.737 [main] DEBUG com.jayway.jsonpath.internal.path.CompiledPath -- Evaluating path: $['email']
20:09:27.738 [main] DEBUG com.jayway.jsonpath.internal.path.CompiledPath -- Evaluating path: $
20:09:27.738 [main] DEBUG com.jayway.jsonpath.internal.JsonContext -- Put path $ key email value tomilissa@test.com
20:09:27.743 [main] DEBUG org.apache.http.client.protocol.RequestAddCookies -- CookieSpec selected: karate
20:09:27.743 [main] DEBUG org.apache.http.client.protocol.RequestAuthCache -- Auth cache not set in the context
20:09:27.744 [main] DEBUG com.intuit.karate -- request:
1 > POST https://bnjqjtsxgoenzzjzzwhe.supabase.co/auth/v1/token?grant_type=password
1 > apikey: sb_publishable_f98rPx2O8YbjxhH5Sm3u8g_MIFqACVH
1 > Authorization: Bearer sb_publishable_f98rPx2O8YbjxhH5Sm3u8g_MIFqACVH
1 > Content-Type: application/json; charset=UTF-8
1 > Content-Length: 52
1 > Host: bnjqjtsxgoenzzjzzwhe.supabase.co
1 > Connection: Keep-Alive
1 > User-Agent: Apache-HttpClient/4.5.14 (Java/25)
1 > Accept-Encoding: gzip,deflate
{"email":"tomilissa@test.com","password":"12345678"}

20:09:27.744 [main] DEBUG org.apache.http.impl.conn.PoolingHttpClientConnectionManager -- Connection request: [route: {s}->https://bnjqjtsxgoenzzjzzwhe.supabase.co:443][total available: 0; route allocated: 0 of 5; total allocated: 0 of 10]
20:09:27.744 [main] DEBUG org.apache.http.impl.conn.PoolingHttpClientConnectionManager -- Connection leased: [id: 1][route: {s}->https://bnjqjtsxgoenzzjzzwhe.supabase.co:443][total available: 0; route allocated: 1 of 5; total allocated: 1 of 10]
20:09:27.744 [main] DEBUG org.apache.http.impl.execchain.MainClientExec -- Opening connection {s}->https://bnjqjtsxgoenzzjzzwhe.supabase.co:443
20:09:27.744 [main] DEBUG org.apache.http.impl.conn.DefaultHttpClientConnectionOperator -- Connecting to bnjqjtsxgoenzzjzzwhe.supabase.co/104.18.38.10:443
20:09:27.745 [main] DEBUG org.apache.http.conn.ssl.SSLConnectionSocketFactory -- Connecting socket to bnjqjtsxgoenzzjzzwhe.supabase.co/104.18.38.10:443 with timeout 30000
20:09:27.760 [main] DEBUG org.apache.http.conn.ssl.SSLConnectionSocketFactory -- Enabled protocols: [TLSv1.3, TLSv1.2]
20:09:27.760 [main] DEBUG org.apache.http.conn.ssl.SSLConnectionSocketFactory -- Enabled cipher suites:[TLS_AES_256_GCM_SHA384, TLS_AES_128_GCM_SHA256, TLS_CHACHA20_POLY1305_SHA256, TLS_ECDHE_ECDSA_WITH_AES_256_GCM_SHA384, TLS_ECDHE_ECDSA_WITH_AES_128_GCM_SHA256, TLS_ECDHE_ECDSA_WITH_CHACHA20_POLY1305_SHA256, TLS_ECDHE_RSA_WITH_AES_256_GCM_SHA384, TLS_ECDHE_RSA_WITH_CHACHA20_POLY1305_SHA256, TLS_ECDHE_RSA_WITH_AES_128_GCM_SHA256, TLS_DHE_RSA_WITH_AES_256_GCM_SHA384, TLS_DHE_RSA_WITH_CHACHA20_POLY1305_SHA256, TLS_DHE_DSS_WITH_AES_256_GCM_SHA384, TLS_DHE_RSA_WITH_AES_128_GCM_SHA256, TLS_DHE_DSS_WITH_AES_128_GCM_SHA256, TLS_ECDHE_ECDSA_WITH_AES_256_CBC_SHA384, TLS_ECDHE_RSA_WITH_AES_256_CBC_SHA384, TLS_ECDHE_ECDSA_WITH_AES_128_CBC_SHA256, TLS_ECDHE_RSA_WITH_AES_128_CBC_SHA256, TLS_DHE_RSA_WITH_AES_256_CBC_SHA256, TLS_DHE_DSS_WITH_AES_256_CBC_SHA256, TLS_DHE_RSA_WITH_AES_128_CBC_SHA256, TLS_DHE_DSS_WITH_AES_128_CBC_SHA256, TLS_ECDHE_ECDSA_WITH_AES_256_CBC_SHA, TLS_ECDHE_RSA_WITH_AES_256_CBC_SHA, TLS_ECDHE_ECDSA_WITH_AES_128_CBC_SHA, TLS_ECDHE_RSA_WITH_AES_128_CBC_SHA, TLS_DHE_RSA_WITH_AES_256_CBC_SHA, TLS_DHE_DSS_WITH_AES_256_CBC_SHA, TLS_DHE_RSA_WITH_AES_128_CBC_SHA, TLS_DHE_DSS_WITH_AES_128_CBC_SHA, TLS_EMPTY_RENEGOTIATION_INFO_SCSV]
20:09:27.760 [main] DEBUG org.apache.http.conn.ssl.SSLConnectionSocketFactory -- Starting handshake
20:09:27.795 [main] DEBUG org.apache.http.conn.ssl.SSLConnectionSocketFactory -- Secure session established
20:09:27.795 [main] DEBUG org.apache.http.conn.ssl.SSLConnectionSocketFactory --  negotiated protocol: TLSv1.3
20:09:27.795 [main] DEBUG org.apache.http.conn.ssl.SSLConnectionSocketFactory --  negotiated cipher suite: TLS_AES_256_GCM_SHA384
20:09:27.795 [main] DEBUG org.apache.http.conn.ssl.SSLConnectionSocketFactory --  peer principal: CN=supabase.co
20:09:27.795 [main] DEBUG org.apache.http.conn.ssl.SSLConnectionSocketFactory --  peer alternative names: [supabase.co, *.supabase.co]
20:09:27.795 [main] DEBUG org.apache.http.conn.ssl.SSLConnectionSocketFactory --  issuer principal: CN=WE1, O=Google Trust Services, C=US
20:09:27.796 [main] DEBUG org.apache.http.impl.conn.DefaultHttpClientConnectionOperator -- Connection established 192.168.0.160:50147<->104.18.38.10:443
20:09:27.796 [main] DEBUG org.apache.http.impl.conn.DefaultManagedHttpClientConnection -- http-outgoing-1: set socket timeout to 30000
20:09:27.796 [main] DEBUG org.apache.http.impl.execchain.MainClientExec -- Executing request POST /auth/v1/token?grant_type=password HTTP/1.1
20:09:27.796 [main] DEBUG org.apache.http.impl.execchain.MainClientExec -- Proxy auth state: UNCHALLENGED
20:09:27.796 [main] DEBUG org.apache.http.headers -- http-outgoing-1 >> POST /auth/v1/token?grant_type=password HTTP/1.1
20:09:27.796 [main] DEBUG org.apache.http.headers -- http-outgoing-1 >> apikey: sb_publishable_f98rPx2O8YbjxhH5Sm3u8g_MIFqACVH
20:09:27.796 [main] DEBUG org.apache.http.headers -- http-outgoing-1 >> Authorization: Bearer sb_publishable_f98rPx2O8YbjxhH5Sm3u8g_MIFqACVH
20:09:27.796 [main] DEBUG org.apache.http.headers -- http-outgoing-1 >> Content-Type: application/json; charset=UTF-8
20:09:27.796 [main] DEBUG org.apache.http.headers -- http-outgoing-1 >> Content-Length: 52
20:09:27.797 [main] DEBUG org.apache.http.headers -- http-outgoing-1 >> Host: bnjqjtsxgoenzzjzzwhe.supabase.co
20:09:27.797 [main] DEBUG org.apache.http.headers -- http-outgoing-1 >> Connection: Keep-Alive
20:09:27.797 [main] DEBUG org.apache.http.headers -- http-outgoing-1 >> User-Agent: Apache-HttpClient/4.5.14 (Java/25)
20:09:27.797 [main] DEBUG org.apache.http.headers -- http-outgoing-1 >> Accept-Encoding: gzip,deflate
20:09:27.797 [main] DEBUG org.apache.http.wire -- http-outgoing-1 >> "POST /auth/v1/token?grant_type=password HTTP/1.1[\r][\n]"
20:09:27.797 [main] DEBUG org.apache.http.wire -- http-outgoing-1 >> "apikey: sb_publishable_f98rPx2O8YbjxhH5Sm3u8g_MIFqACVH[\r][\n]"
20:09:27.797 [main] DEBUG org.apache.http.wire -- http-outgoing-1 >> "Authorization: Bearer sb_publishable_f98rPx2O8YbjxhH5Sm3u8g_MIFqACVH[\r][\n]"
20:09:27.797 [main] DEBUG org.apache.http.wire -- http-outgoing-1 >> "Content-Type: application/json; charset=UTF-8[\r][\n]"
20:09:27.797 [main] DEBUG org.apache.http.wire -- http-outgoing-1 >> "Content-Length: 52[\r][\n]"
20:09:27.797 [main] DEBUG org.apache.http.wire -- http-outgoing-1 >> "Host: bnjqjtsxgoenzzjzzwhe.supabase.co[\r][\n]"
20:09:27.797 [main] DEBUG org.apache.http.wire -- http-outgoing-1 >> "Connection: Keep-Alive[\r][\n]"
20:09:27.797 [main] DEBUG org.apache.http.wire -- http-outgoing-1 >> "User-Agent: Apache-HttpClient/4.5.14 (Java/25)[\r][\n]"
20:09:27.797 [main] DEBUG org.apache.http.wire -- http-outgoing-1 >> "Accept-Encoding: gzip,deflate[\r][\n]"
20:09:27.798 [main] DEBUG org.apache.http.wire -- http-outgoing-1 >> "[\r][\n]"
20:09:27.798 [main] DEBUG org.apache.http.wire -- http-outgoing-1 >> "{"email":"tomilissa@test.com","password":"12345678"}"
20:09:28.074 [main] DEBUG org.apache.http.wire -- http-outgoing-1 << "HTTP/1.1 400 Bad Request[\r][\n]"
20:09:28.074 [main] DEBUG org.apache.http.wire -- http-outgoing-1 << "Date: Sun, 26 Apr 2026 23:09:28 GMT[\r][\n]"
20:09:28.074 [main] DEBUG org.apache.http.wire -- http-outgoing-1 << "Content-Type: application/json[\r][\n]"
20:09:28.074 [main] DEBUG org.apache.http.wire -- http-outgoing-1 << "Content-Length: 81[\r][\n]"
20:09:28.074 [main] DEBUG org.apache.http.wire -- http-outgoing-1 << "Connection: keep-alive[\r][\n]"
20:09:28.075 [main] DEBUG org.apache.http.wire -- http-outgoing-1 << "CF-Ray: 9f2941597a9ded09-EZE[\r][\n]"
20:09:28.075 [main] DEBUG org.apache.http.wire -- http-outgoing-1 << "CF-Cache-Status: DYNAMIC[\r][\n]"
20:09:28.075 [main] DEBUG org.apache.http.wire -- http-outgoing-1 << "Server: cloudflare[\r][\n]"
20:09:28.075 [main] DEBUG org.apache.http.wire -- http-outgoing-1 << "Strict-Transport-Security: max-age=31536000; includeSubDomains; preload[\r][\n]"
20:09:28.075 [main] DEBUG org.apache.http.wire -- http-outgoing-1 << "Vary: Origin[\r][\n]"
20:09:28.075 [main] DEBUG org.apache.http.wire -- http-outgoing-1 << "X-Content-Type-Options: nosniff[\r][\n]"
20:09:28.075 [main] DEBUG org.apache.http.wire -- http-outgoing-1 << "sb-gateway-version: 1[\r][\n]"
20:09:28.075 [main] DEBUG org.apache.http.wire -- http-outgoing-1 << "sb-project-ref: bnjqjtsxgoenzzjzzwhe[\r][\n]"
20:09:28.075 [main] DEBUG org.apache.http.wire -- http-outgoing-1 << "sb-request-id: 019dcc0e-13f8-7d2d-a6ce-c4b0bef2713a[\r][\n]"
20:09:28.075 [main] DEBUG org.apache.http.wire -- http-outgoing-1 << "x-envoy-attempt-count: 1[\r][\n]"
20:09:28.075 [main] DEBUG org.apache.http.wire -- http-outgoing-1 << "x-envoy-upstream-service-time: 3[\r][\n]"
20:09:28.075 [main] DEBUG org.apache.http.wire -- http-outgoing-1 << "x-sb-error-code: invalid_credentials[\r][\n]"
20:09:28.076 [main] DEBUG org.apache.http.wire -- http-outgoing-1 << "set-cookie: __cf_bm=lz5fBvzN7tzsO8K0RSWILzB3yGh3jiGCMml.SE2KSgw-1777244967.9197397-1.0.1.1-8PsDZPvESWrVfEkUlRfathioQi.2ndpKAWh8M7ig6P4lT9Ys686Swq7paR_2aH8AsIJ08IfzpwXs_MpdM4sCfCDVH2P1qSekK0IyPJCaIb2zJTShFNc5QOIiOfQaleEu; HttpOnly; Secure; Path=/; Domain=supabase.co; Expires=Sun, 26 Apr 2026 23:39:28 GMT[\r][\n]"
20:09:28.076 [main] DEBUG org.apache.http.wire -- http-outgoing-1 << "alt-svc: h3=":443"; ma=86400[\r][\n]"
20:09:28.076 [main] DEBUG org.apache.http.wire -- http-outgoing-1 << "[\r][\n]"
20:09:28.076 [main] DEBUG org.apache.http.wire -- http-outgoing-1 << "{"code":400,"error_code":"invalid_credentials","msg":"Invalid login credentials"}"
20:09:28.076 [main] DEBUG org.apache.http.headers -- http-outgoing-1 << HTTP/1.1 400 Bad Request
20:09:28.076 [main] DEBUG org.apache.http.headers -- http-outgoing-1 << Date: Sun, 26 Apr 2026 23:09:28 GMT
20:09:28.076 [main] DEBUG org.apache.http.headers -- http-outgoing-1 << Content-Type: application/json
20:09:28.077 [main] DEBUG org.apache.http.headers -- http-outgoing-1 << Content-Length: 81
20:09:28.077 [main] DEBUG org.apache.http.headers -- http-outgoing-1 << Connection: keep-alive
20:09:28.077 [main] DEBUG org.apache.http.headers -- http-outgoing-1 << CF-Ray: 9f2941597a9ded09-EZE
20:09:28.077 [main] DEBUG org.apache.http.headers -- http-outgoing-1 << CF-Cache-Status: DYNAMIC
20:09:28.077 [main] DEBUG org.apache.http.headers -- http-outgoing-1 << Server: cloudflare
20:09:28.077 [main] DEBUG org.apache.http.headers -- http-outgoing-1 << Strict-Transport-Security: max-age=31536000; includeSubDomains; preload
20:09:28.077 [main] DEBUG org.apache.http.headers -- http-outgoing-1 << Vary: Origin
20:09:28.077 [main] DEBUG org.apache.http.headers -- http-outgoing-1 << X-Content-Type-Options: nosniff
20:09:28.077 [main] DEBUG org.apache.http.headers -- http-outgoing-1 << sb-gateway-version: 1
20:09:28.077 [main] DEBUG org.apache.http.headers -- http-outgoing-1 << sb-project-ref: bnjqjtsxgoenzzjzzwhe
20:09:28.077 [main] DEBUG org.apache.http.headers -- http-outgoing-1 << sb-request-id: 019dcc0e-13f8-7d2d-a6ce-c4b0bef2713a
20:09:28.077 [main] DEBUG org.apache.http.headers -- http-outgoing-1 << x-envoy-attempt-count: 1
20:09:28.077 [main] DEBUG org.apache.http.headers -- http-outgoing-1 << x-envoy-upstream-service-time: 3
20:09:28.077 [main] DEBUG org.apache.http.headers -- http-outgoing-1 << x-sb-error-code: invalid_credentials
20:09:28.077 [main] DEBUG org.apache.http.headers -- http-outgoing-1 << set-cookie: __cf_bm=lz5fBvzN7tzsO8K0RSWILzB3yGh3jiGCMml.SE2KSgw-1777244967.9197397-1.0.1.1-8PsDZPvESWrVfEkUlRfathioQi.2ndpKAWh8M7ig6P4lT9Ys686Swq7paR_2aH8AsIJ08IfzpwXs_MpdM4sCfCDVH2P1qSekK0IyPJCaIb2zJTShFNc5QOIiOfQaleEu; HttpOnly; Secure; Path=/; Domain=supabase.co; Expires=Sun, 26 Apr 2026 23:39:28 GMT
20:09:28.078 [main] DEBUG org.apache.http.headers -- http-outgoing-1 << alt-svc: h3=":443"; ma=86400
20:09:28.078 [main] DEBUG org.apache.http.impl.execchain.MainClientExec -- Connection can be kept alive indefinitely
20:09:28.079 [main] DEBUG org.apache.http.client.protocol.ResponseProcessCookies -- Cookie accepted [__cf_bm="lz5fBvzN7tzsO8K0RSWILzB3yGh3jiGCMml.SE2KSgw-1777244967.9197397-1.0.1.1-8PsDZPvESWrVfEkUlRfathioQi.2n...", version:0, domain:supabase.co, path:/, expiry:Sun Apr 26 20:39:28 GMT-03:00 2026]
20:09:28.079 [main] DEBUG org.apache.http.impl.conn.PoolingHttpClientConnectionManager -- Connection [id: 1][route: {s}->https://bnjqjtsxgoenzzjzzwhe.supabase.co:443] can be kept alive indefinitely
20:09:28.079 [main] DEBUG org.apache.http.impl.conn.DefaultManagedHttpClientConnection -- http-outgoing-1: set socket timeout to 0
20:09:28.080 [main] DEBUG org.apache.http.impl.conn.PoolingHttpClientConnectionManager -- Connection released: [id: 1][route: {s}->https://bnjqjtsxgoenzzjzzwhe.supabase.co:443][total available: 1; route allocated: 1 of 5; total allocated: 1 of 10]
20:09:28.080 [main] DEBUG org.apache.http.impl.conn.PoolingHttpClientConnectionManager -- Connection manager is shutting down
20:09:28.080 [main] DEBUG org.apache.http.impl.conn.DefaultManagedHttpClientConnection -- http-outgoing-1: Close connection
20:09:28.081 [main] DEBUG org.apache.http.impl.conn.PoolingHttpClientConnectionManager -- Connection manager shut down
20:09:28.082 [main] DEBUG com.intuit.karate -- response time in milliseconds: 336
1 < 400
1 < Date: Sun, 26 Apr 2026 23:09:28 GMT
1 < Content-Type: application/json
1 < Content-Length: 81
1 < Connection: keep-alive
1 < CF-Ray: 9f2941597a9ded09-EZE
1 < CF-Cache-Status: DYNAMIC
1 < Server: cloudflare
1 < Strict-Transport-Security: max-age=31536000; includeSubDomains; preload
1 < Vary: Origin
1 < X-Content-Type-Options: nosniff
1 < sb-gateway-version: 1
1 < sb-project-ref: bnjqjtsxgoenzzjzzwhe
1 < sb-request-id: 019dcc0e-13f8-7d2d-a6ce-c4b0bef2713a
1 < x-envoy-attempt-count: 1
1 < x-envoy-upstream-service-time: 3
1 < x-sb-error-code: invalid_credentials
1 < set-cookie: __cf_bm=lz5fBvzN7tzsO8K0RSWILzB3yGh3jiGCMml.SE2KSgw-1777244967.9197397-1.0.1.1-8PsDZPvESWrVfEkUlRfathioQi.2ndpKAWh8M7ig6P4lT9Ys686Swq7paR_2aH8AsIJ08IfzpwXs_MpdM4sCfCDVH2P1qSekK0IyPJCaIb2zJTShFNc5QOIiOfQaleEu; HttpOnly; Secure; Path=/; Domain=supabase.co; Expires=Sun, 26 Apr 2026 23:39:28 GMT
1 < alt-svc: h3=":443"; ma=86400
1 < Set-Cookie: __cf_bm=lz5fBvzN7tzsO8K0RSWILzB3yGh3jiGCMml.SE2KSgw-1777244967.9197397-1.0.1.1-8PsDZPvESWrVfEkUlRfathioQi.2ndpKAWh8M7ig6P4lT9Ys686Swq7paR_2aH8AsIJ08IfzpwXs_MpdM4sCfCDVH2P1qSekK0IyPJCaIb2zJTShFNc5QOIiOfQaleEu; HttpOnly; Secure; Path=/; Domain=supabase.co; Expires=Sun, 26 Apr 2026 23:39:28 GMT
{"code":400,"error_code":"invalid_credentials","msg":"Invalid login credentials"}

20:09:28.087 [main] DEBUG com.jayway.jsonpath.internal.path.CompiledPath -- Evaluating path: $['error_code']
20:09:28.089 [main] DEBUG com.jayway.jsonpath.internal.path.CompiledPath -- Evaluating path: $['msg']
]]></system-out>
  </testcase>
  <testcase name="[2.2:42] CP03 - Login con Email formato inválido" classname="features/auth/login" time="0.42">
    <system-out><![CDATA[20:09:28.137 [main] DEBUG com.jayway.jsonpath.internal.path.CompiledPath -- Evaluating path: $
20:09:28.141 [main] DEBUG com.jayway.jsonpath.internal.path.CompiledPath -- Evaluating path: $['email']
20:09:28.142 [main] DEBUG com.jayway.jsonpath.internal.path.CompiledPath -- Evaluating path: $
20:09:28.142 [main] DEBUG com.jayway.jsonpath.internal.JsonContext -- Put path $ key email value tomilissa
20:09:28.145 [main] DEBUG org.apache.http.client.protocol.RequestAddCookies -- CookieSpec selected: karate
20:09:28.146 [main] DEBUG org.apache.http.client.protocol.RequestAuthCache -- Auth cache not set in the context
20:09:28.146 [main] DEBUG com.intuit.karate -- request:
1 > POST https://bnjqjtsxgoenzzjzzwhe.supabase.co/auth/v1/token?grant_type=password
1 > apikey: sb_publishable_f98rPx2O8YbjxhH5Sm3u8g_MIFqACVH
1 > Authorization: Bearer sb_publishable_f98rPx2O8YbjxhH5Sm3u8g_MIFqACVH
1 > Content-Type: application/json; charset=UTF-8
1 > Content-Length: 43
1 > Host: bnjqjtsxgoenzzjzzwhe.supabase.co
1 > Connection: Keep-Alive
1 > User-Agent: Apache-HttpClient/4.5.14 (Java/25)
1 > Accept-Encoding: gzip,deflate
{"email":"tomilissa","password":"12345678"}

20:09:28.146 [main] DEBUG org.apache.http.impl.conn.PoolingHttpClientConnectionManager -- Connection request: [route: {s}->https://bnjqjtsxgoenzzjzzwhe.supabase.co:443][total available: 0; route allocated: 0 of 5; total allocated: 0 of 10]
20:09:28.146 [main] DEBUG org.apache.http.impl.conn.PoolingHttpClientConnectionManager -- Connection leased: [id: 2][route: {s}->https://bnjqjtsxgoenzzjzzwhe.supabase.co:443][total available: 0; route allocated: 1 of 5; total allocated: 1 of 10]
20:09:28.146 [main] DEBUG org.apache.http.impl.execchain.MainClientExec -- Opening connection {s}->https://bnjqjtsxgoenzzjzzwhe.supabase.co:443
20:09:28.147 [main] DEBUG org.apache.http.impl.conn.DefaultHttpClientConnectionOperator -- Connecting to bnjqjtsxgoenzzjzzwhe.supabase.co/104.18.38.10:443
20:09:28.147 [main] DEBUG org.apache.http.conn.ssl.SSLConnectionSocketFactory -- Connecting socket to bnjqjtsxgoenzzjzzwhe.supabase.co/104.18.38.10:443 with timeout 30000
20:09:28.162 [main] DEBUG org.apache.http.conn.ssl.SSLConnectionSocketFactory -- Enabled protocols: [TLSv1.3, TLSv1.2]
20:09:28.162 [main] DEBUG org.apache.http.conn.ssl.SSLConnectionSocketFactory -- Enabled cipher suites:[TLS_AES_256_GCM_SHA384, TLS_AES_128_GCM_SHA256, TLS_CHACHA20_POLY1305_SHA256, TLS_ECDHE_ECDSA_WITH_AES_256_GCM_SHA384, TLS_ECDHE_ECDSA_WITH_AES_128_GCM_SHA256, TLS_ECDHE_ECDSA_WITH_CHACHA20_POLY1305_SHA256, TLS_ECDHE_RSA_WITH_AES_256_GCM_SHA384, TLS_ECDHE_RSA_WITH_CHACHA20_POLY1305_SHA256, TLS_ECDHE_RSA_WITH_AES_128_GCM_SHA256, TLS_DHE_RSA_WITH_AES_256_GCM_SHA384, TLS_DHE_RSA_WITH_CHACHA20_POLY1305_SHA256, TLS_DHE_DSS_WITH_AES_256_GCM_SHA384, TLS_DHE_RSA_WITH_AES_128_GCM_SHA256, TLS_DHE_DSS_WITH_AES_128_GCM_SHA256, TLS_ECDHE_ECDSA_WITH_AES_256_CBC_SHA384, TLS_ECDHE_RSA_WITH_AES_256_CBC_SHA384, TLS_ECDHE_ECDSA_WITH_AES_128_CBC_SHA256, TLS_ECDHE_RSA_WITH_AES_128_CBC_SHA256, TLS_DHE_RSA_WITH_AES_256_CBC_SHA256, TLS_DHE_DSS_WITH_AES_256_CBC_SHA256, TLS_DHE_RSA_WITH_AES_128_CBC_SHA256, TLS_DHE_DSS_WITH_AES_128_CBC_SHA256, TLS_ECDHE_ECDSA_WITH_AES_256_CBC_SHA, TLS_ECDHE_RSA_WITH_AES_256_CBC_SHA, TLS_ECDHE_ECDSA_WITH_AES_128_CBC_SHA, TLS_ECDHE_RSA_WITH_AES_128_CBC_SHA, TLS_DHE_RSA_WITH_AES_256_CBC_SHA, TLS_DHE_DSS_WITH_AES_256_CBC_SHA, TLS_DHE_RSA_WITH_AES_128_CBC_SHA, TLS_DHE_DSS_WITH_AES_128_CBC_SHA, TLS_EMPTY_RENEGOTIATION_INFO_SCSV]
20:09:28.163 [main] DEBUG org.apache.http.conn.ssl.SSLConnectionSocketFactory -- Starting handshake
20:09:28.191 [main] DEBUG org.apache.http.conn.ssl.SSLConnectionSocketFactory -- Secure session established
20:09:28.191 [main] DEBUG org.apache.http.conn.ssl.SSLConnectionSocketFactory --  negotiated protocol: TLSv1.3
20:09:28.191 [main] DEBUG org.apache.http.conn.ssl.SSLConnectionSocketFactory --  negotiated cipher suite: TLS_AES_256_GCM_SHA384
20:09:28.191 [main] DEBUG org.apache.http.conn.ssl.SSLConnectionSocketFactory --  peer principal: CN=supabase.co
20:09:28.192 [main] DEBUG org.apache.http.conn.ssl.SSLConnectionSocketFactory --  peer alternative names: [supabase.co, *.supabase.co]
20:09:28.192 [main] DEBUG org.apache.http.conn.ssl.SSLConnectionSocketFactory --  issuer principal: CN=WE1, O=Google Trust Services, C=US
20:09:28.192 [main] DEBUG org.apache.http.impl.conn.DefaultHttpClientConnectionOperator -- Connection established 192.168.0.160:50148<->104.18.38.10:443
20:09:28.192 [main] DEBUG org.apache.http.impl.conn.DefaultManagedHttpClientConnection -- http-outgoing-2: set socket timeout to 30000
20:09:28.192 [main] DEBUG org.apache.http.impl.execchain.MainClientExec -- Executing request POST /auth/v1/token?grant_type=password HTTP/1.1
20:09:28.192 [main] DEBUG org.apache.http.impl.execchain.MainClientExec -- Proxy auth state: UNCHALLENGED
20:09:28.192 [main] DEBUG org.apache.http.headers -- http-outgoing-2 >> POST /auth/v1/token?grant_type=password HTTP/1.1
20:09:28.192 [main] DEBUG org.apache.http.headers -- http-outgoing-2 >> apikey: sb_publishable_f98rPx2O8YbjxhH5Sm3u8g_MIFqACVH
20:09:28.192 [main] DEBUG org.apache.http.headers -- http-outgoing-2 >> Authorization: Bearer sb_publishable_f98rPx2O8YbjxhH5Sm3u8g_MIFqACVH
20:09:28.192 [main] DEBUG org.apache.http.headers -- http-outgoing-2 >> Content-Type: application/json; charset=UTF-8
20:09:28.193 [main] DEBUG org.apache.http.headers -- http-outgoing-2 >> Content-Length: 43
20:09:28.193 [main] DEBUG org.apache.http.headers -- http-outgoing-2 >> Host: bnjqjtsxgoenzzjzzwhe.supabase.co
20:09:28.193 [main] DEBUG org.apache.http.headers -- http-outgoing-2 >> Connection: Keep-Alive
20:09:28.193 [main] DEBUG org.apache.http.headers -- http-outgoing-2 >> User-Agent: Apache-HttpClient/4.5.14 (Java/25)
20:09:28.193 [main] DEBUG org.apache.http.headers -- http-outgoing-2 >> Accept-Encoding: gzip,deflate
20:09:28.193 [main] DEBUG org.apache.http.wire -- http-outgoing-2 >> "POST /auth/v1/token?grant_type=password HTTP/1.1[\r][\n]"
20:09:28.193 [main] DEBUG org.apache.http.wire -- http-outgoing-2 >> "apikey: sb_publishable_f98rPx2O8YbjxhH5Sm3u8g_MIFqACVH[\r][\n]"
20:09:28.193 [main] DEBUG org.apache.http.wire -- http-outgoing-2 >> "Authorization: Bearer sb_publishable_f98rPx2O8YbjxhH5Sm3u8g_MIFqACVH[\r][\n]"
20:09:28.193 [main] DEBUG org.apache.http.wire -- http-outgoing-2 >> "Content-Type: application/json; charset=UTF-8[\r][\n]"
20:09:28.193 [main] DEBUG org.apache.http.wire -- http-outgoing-2 >> "Content-Length: 43[\r][\n]"
20:09:28.193 [main] DEBUG org.apache.http.wire -- http-outgoing-2 >> "Host: bnjqjtsxgoenzzjzzwhe.supabase.co[\r][\n]"
20:09:28.193 [main] DEBUG org.apache.http.wire -- http-outgoing-2 >> "Connection: Keep-Alive[\r][\n]"
20:09:28.193 [main] DEBUG org.apache.http.wire -- http-outgoing-2 >> "User-Agent: Apache-HttpClient/4.5.14 (Java/25)[\r][\n]"
20:09:28.193 [main] DEBUG org.apache.http.wire -- http-outgoing-2 >> "Accept-Encoding: gzip,deflate[\r][\n]"
20:09:28.193 [main] DEBUG org.apache.http.wire -- http-outgoing-2 >> "[\r][\n]"
20:09:28.193 [main] DEBUG org.apache.http.wire -- http-outgoing-2 >> "{"email":"tomilissa","password":"12345678"}"
20:09:28.487 [main] DEBUG org.apache.http.wire -- http-outgoing-2 << "HTTP/1.1 400 Bad Request[\r][\n]"
20:09:28.489 [main] DEBUG org.apache.http.wire -- http-outgoing-2 << "Date: Sun, 26 Apr 2026 23:09:28 GMT[\r][\n]"
20:09:28.489 [main] DEBUG org.apache.http.wire -- http-outgoing-2 << "Content-Type: application/json[\r][\n]"
20:09:28.489 [main] DEBUG org.apache.http.wire -- http-outgoing-2 << "Content-Length: 81[\r][\n]"
20:09:28.489 [main] DEBUG org.apache.http.wire -- http-outgoing-2 << "Connection: keep-alive[\r][\n]"
20:09:28.489 [main] DEBUG org.apache.http.wire -- http-outgoing-2 << "CF-Ray: 9f29415bfdfeacf7-EZE[\r][\n]"
20:09:28.489 [main] DEBUG org.apache.http.wire -- http-outgoing-2 << "CF-Cache-Status: DYNAMIC[\r][\n]"
20:09:28.489 [main] DEBUG org.apache.http.wire -- http-outgoing-2 << "Server: cloudflare[\r][\n]"
20:09:28.489 [main] DEBUG org.apache.http.wire -- http-outgoing-2 << "Strict-Transport-Security: max-age=31536000; includeSubDomains; preload[\r][\n]"
20:09:28.489 [main] DEBUG org.apache.http.wire -- http-outgoing-2 << "Vary: Origin[\r][\n]"
20:09:28.490 [main] DEBUG org.apache.http.wire -- http-outgoing-2 << "X-Content-Type-Options: nosniff[\r][\n]"
20:09:28.490 [main] DEBUG org.apache.http.wire -- http-outgoing-2 << "sb-gateway-version: 1[\r][\n]"
20:09:28.490 [main] DEBUG org.apache.http.wire -- http-outgoing-2 << "sb-project-ref: bnjqjtsxgoenzzjzzwhe[\r][\n]"
20:09:28.490 [main] DEBUG org.apache.http.wire -- http-outgoing-2 << "sb-request-id: 019dcc0e-158e-7fde-a4aa-cc0e33b713be[\r][\n]"
20:09:28.490 [main] DEBUG org.apache.http.wire -- http-outgoing-2 << "x-envoy-attempt-count: 1[\r][\n]"
20:09:28.490 [main] DEBUG org.apache.http.wire -- http-outgoing-2 << "x-envoy-upstream-service-time: 4[\r][\n]"
20:09:28.490 [main] DEBUG org.apache.http.wire -- http-outgoing-2 << "x-sb-error-code: invalid_credentials[\r][\n]"
20:09:28.490 [main] DEBUG org.apache.http.wire -- http-outgoing-2 << "set-cookie: __cf_bm=K.SpJgTUN20uPYOd5cSVg2jNehefYC3oHn9oVNdgddI-1777244968.3164608-1.0.1.1-CTOQYMezx2D2cpSJnRYp5tJXnaWkORH.Je8._P.mYh1OhP_d0kjD_CXyQ41MMHe7bg_lxw4vjXdI2uSkHXBdce8Fp0gLR_yXQiFqQ7HjCkTmW_sF6fKXeC2PG.Tv.YaG; HttpOnly; Secure; Path=/; Domain=supabase.co; Expires=Sun, 26 Apr 2026 23:39:28 GMT[\r][\n]"
20:09:28.490 [main] DEBUG org.apache.http.wire -- http-outgoing-2 << "alt-svc: h3=":443"; ma=86400[\r][\n]"
20:09:28.491 [main] DEBUG org.apache.http.wire -- http-outgoing-2 << "[\r][\n]"
20:09:28.491 [main] DEBUG org.apache.http.wire -- http-outgoing-2 << "{"code":400,"error_code":"invalid_credentials","msg":"Invalid login credentials"}"
20:09:28.491 [main] DEBUG org.apache.http.headers -- http-outgoing-2 << HTTP/1.1 400 Bad Request
20:09:28.491 [main] DEBUG org.apache.http.headers -- http-outgoing-2 << Date: Sun, 26 Apr 2026 23:09:28 GMT
20:09:28.491 [main] DEBUG org.apache.http.headers -- http-outgoing-2 << Content-Type: application/json
20:09:28.492 [main] DEBUG org.apache.http.headers -- http-outgoing-2 << Content-Length: 81
20:09:28.492 [main] DEBUG org.apache.http.headers -- http-outgoing-2 << Connection: keep-alive
20:09:28.492 [main] DEBUG org.apache.http.headers -- http-outgoing-2 << CF-Ray: 9f29415bfdfeacf7-EZE
20:09:28.492 [main] DEBUG org.apache.http.headers -- http-outgoing-2 << CF-Cache-Status: DYNAMIC
20:09:28.492 [main] DEBUG org.apache.http.headers -- http-outgoing-2 << Server: cloudflare
20:09:28.492 [main] DEBUG org.apache.http.headers -- http-outgoing-2 << Strict-Transport-Security: max-age=31536000; includeSubDomains; preload
20:09:28.492 [main] DEBUG org.apache.http.headers -- http-outgoing-2 << Vary: Origin
20:09:28.492 [main] DEBUG org.apache.http.headers -- http-outgoing-2 << X-Content-Type-Options: nosniff
20:09:28.492 [main] DEBUG org.apache.http.headers -- http-outgoing-2 << sb-gateway-version: 1
20:09:28.492 [main] DEBUG org.apache.http.headers -- http-outgoing-2 << sb-project-ref: bnjqjtsxgoenzzjzzwhe
20:09:28.492 [main] DEBUG org.apache.http.headers -- http-outgoing-2 << sb-request-id: 019dcc0e-158e-7fde-a4aa-cc0e33b713be
20:09:28.492 [main] DEBUG org.apache.http.headers -- http-outgoing-2 << x-envoy-attempt-count: 1
20:09:28.492 [main] DEBUG org.apache.http.headers -- http-outgoing-2 << x-envoy-upstream-service-time: 4
20:09:28.492 [main] DEBUG org.apache.http.headers -- http-outgoing-2 << x-sb-error-code: invalid_credentials
20:09:28.492 [main] DEBUG org.apache.http.headers -- http-outgoing-2 << set-cookie: __cf_bm=K.SpJgTUN20uPYOd5cSVg2jNehefYC3oHn9oVNdgddI-1777244968.3164608-1.0.1.1-CTOQYMezx2D2cpSJnRYp5tJXnaWkORH.Je8._P.mYh1OhP_d0kjD_CXyQ41MMHe7bg_lxw4vjXdI2uSkHXBdce8Fp0gLR_yXQiFqQ7HjCkTmW_sF6fKXeC2PG.Tv.YaG; HttpOnly; Secure; Path=/; Domain=supabase.co; Expires=Sun, 26 Apr 2026 23:39:28 GMT
20:09:28.492 [main] DEBUG org.apache.http.headers -- http-outgoing-2 << alt-svc: h3=":443"; ma=86400
20:09:28.493 [main] DEBUG org.apache.http.impl.execchain.MainClientExec -- Connection can be kept alive indefinitely
20:09:28.495 [main] DEBUG org.apache.http.client.protocol.ResponseProcessCookies -- Cookie accepted [__cf_bm="K.SpJgTUN20uPYOd5cSVg2jNehefYC3oHn9oVNdgddI-1777244968.3164608-1.0.1.1-CTOQYMezx2D2cpSJnRYp5tJXnaWkO...", version:0, domain:supabase.co, path:/, expiry:Sun Apr 26 20:39:28 GMT-03:00 2026]
20:09:28.496 [main] DEBUG org.apache.http.impl.conn.PoolingHttpClientConnectionManager -- Connection [id: 2][route: {s}->https://bnjqjtsxgoenzzjzzwhe.supabase.co:443] can be kept alive indefinitely
20:09:28.496 [main] DEBUG org.apache.http.impl.conn.DefaultManagedHttpClientConnection -- http-outgoing-2: set socket timeout to 0
20:09:28.496 [main] DEBUG org.apache.http.impl.conn.PoolingHttpClientConnectionManager -- Connection released: [id: 2][route: {s}->https://bnjqjtsxgoenzzjzzwhe.supabase.co:443][total available: 1; route allocated: 1 of 5; total allocated: 1 of 10]
20:09:28.497 [main] DEBUG org.apache.http.impl.conn.PoolingHttpClientConnectionManager -- Connection manager is shutting down
20:09:28.497 [main] DEBUG org.apache.http.impl.conn.DefaultManagedHttpClientConnection -- http-outgoing-2: Close connection
20:09:28.499 [main] DEBUG org.apache.http.impl.conn.PoolingHttpClientConnectionManager -- Connection manager shut down
20:09:28.500 [main] DEBUG com.intuit.karate -- response time in milliseconds: 350
1 < 400
1 < Date: Sun, 26 Apr 2026 23:09:28 GMT
1 < Content-Type: application/json
1 < Content-Length: 81
1 < Connection: keep-alive
1 < CF-Ray: 9f29415bfdfeacf7-EZE
1 < CF-Cache-Status: DYNAMIC
1 < Server: cloudflare
1 < Strict-Transport-Security: max-age=31536000; includeSubDomains; preload
1 < Vary: Origin
1 < X-Content-Type-Options: nosniff
1 < sb-gateway-version: 1
1 < sb-project-ref: bnjqjtsxgoenzzjzzwhe
1 < sb-request-id: 019dcc0e-158e-7fde-a4aa-cc0e33b713be
1 < x-envoy-attempt-count: 1
1 < x-envoy-upstream-service-time: 4
1 < x-sb-error-code: invalid_credentials
1 < set-cookie: __cf_bm=K.SpJgTUN20uPYOd5cSVg2jNehefYC3oHn9oVNdgddI-1777244968.3164608-1.0.1.1-CTOQYMezx2D2cpSJnRYp5tJXnaWkORH.Je8._P.mYh1OhP_d0kjD_CXyQ41MMHe7bg_lxw4vjXdI2uSkHXBdce8Fp0gLR_yXQiFqQ7HjCkTmW_sF6fKXeC2PG.Tv.YaG; HttpOnly; Secure; Path=/; Domain=supabase.co; Expires=Sun, 26 Apr 2026 23:39:28 GMT
1 < alt-svc: h3=":443"; ma=86400
1 < Set-Cookie: __cf_bm=K.SpJgTUN20uPYOd5cSVg2jNehefYC3oHn9oVNdgddI-1777244968.3164608-1.0.1.1-CTOQYMezx2D2cpSJnRYp5tJXnaWkORH.Je8._P.mYh1OhP_d0kjD_CXyQ41MMHe7bg_lxw4vjXdI2uSkHXBdce8Fp0gLR_yXQiFqQ7HjCkTmW_sF6fKXeC2PG.Tv.YaG; HttpOnly; Secure; Path=/; Domain=supabase.co; Expires=Sun, 26 Apr 2026 23:39:28 GMT
{"code":400,"error_code":"invalid_credentials","msg":"Invalid login credentials"}

20:09:28.511 [main] DEBUG com.jayway.jsonpath.internal.path.CompiledPath -- Evaluating path: $['error_code']
20:09:28.514 [main] DEBUG com.jayway.jsonpath.internal.path.CompiledPath -- Evaluating path: $['msg']
]]></system-out>
  </testcase>
  <testcase name="[2.3:43] CP04 - Login con Email vacío" classname="features/auth/login" time="0.691">
    <system-out><![CDATA[20:09:28.552 [main] DEBUG com.jayway.jsonpath.internal.path.CompiledPath -- Evaluating path: $
20:09:28.556 [main] DEBUG com.jayway.jsonpath.internal.path.CompiledPath -- Evaluating path: $['email']
20:09:28.559 [main] DEBUG com.jayway.jsonpath.internal.path.CompiledPath -- Evaluating path: $
20:09:28.559 [main] DEBUG com.jayway.jsonpath.internal.JsonContext -- Put path $ key email value 
20:09:28.564 [main] DEBUG org.apache.http.client.protocol.RequestAddCookies -- CookieSpec selected: karate
20:09:28.564 [main] DEBUG org.apache.http.client.protocol.RequestAuthCache -- Auth cache not set in the context
20:09:28.564 [main] DEBUG com.intuit.karate -- request:
1 > POST https://bnjqjtsxgoenzzjzzwhe.supabase.co/auth/v1/token?grant_type=password
1 > apikey: sb_publishable_f98rPx2O8YbjxhH5Sm3u8g_MIFqACVH
1 > Authorization: Bearer sb_publishable_f98rPx2O8YbjxhH5Sm3u8g_MIFqACVH
1 > Content-Type: application/json; charset=UTF-8
1 > Content-Length: 34
1 > Host: bnjqjtsxgoenzzjzzwhe.supabase.co
1 > Connection: Keep-Alive
1 > User-Agent: Apache-HttpClient/4.5.14 (Java/25)
1 > Accept-Encoding: gzip,deflate
{"email":"","password":"12345678"}

20:09:28.565 [main] DEBUG org.apache.http.impl.conn.PoolingHttpClientConnectionManager -- Connection request: [route: {s}->https://bnjqjtsxgoenzzjzzwhe.supabase.co:443][total available: 0; route allocated: 0 of 5; total allocated: 0 of 10]
20:09:28.565 [main] DEBUG org.apache.http.impl.conn.PoolingHttpClientConnectionManager -- Connection leased: [id: 3][route: {s}->https://bnjqjtsxgoenzzjzzwhe.supabase.co:443][total available: 0; route allocated: 1 of 5; total allocated: 1 of 10]
20:09:28.565 [main] DEBUG org.apache.http.impl.execchain.MainClientExec -- Opening connection {s}->https://bnjqjtsxgoenzzjzzwhe.supabase.co:443
20:09:28.565 [main] DEBUG org.apache.http.impl.conn.DefaultHttpClientConnectionOperator -- Connecting to bnjqjtsxgoenzzjzzwhe.supabase.co/104.18.38.10:443
20:09:28.565 [main] DEBUG org.apache.http.conn.ssl.SSLConnectionSocketFactory -- Connecting socket to bnjqjtsxgoenzzjzzwhe.supabase.co/104.18.38.10:443 with timeout 30000
20:09:28.580 [main] DEBUG org.apache.http.conn.ssl.SSLConnectionSocketFactory -- Enabled protocols: [TLSv1.3, TLSv1.2]
20:09:28.580 [main] DEBUG org.apache.http.conn.ssl.SSLConnectionSocketFactory -- Enabled cipher suites:[TLS_AES_256_GCM_SHA384, TLS_AES_128_GCM_SHA256, TLS_CHACHA20_POLY1305_SHA256, TLS_ECDHE_ECDSA_WITH_AES_256_GCM_SHA384, TLS_ECDHE_ECDSA_WITH_AES_128_GCM_SHA256, TLS_ECDHE_ECDSA_WITH_CHACHA20_POLY1305_SHA256, TLS_ECDHE_RSA_WITH_AES_256_GCM_SHA384, TLS_ECDHE_RSA_WITH_CHACHA20_POLY1305_SHA256, TLS_ECDHE_RSA_WITH_AES_128_GCM_SHA256, TLS_DHE_RSA_WITH_AES_256_GCM_SHA384, TLS_DHE_RSA_WITH_CHACHA20_POLY1305_SHA256, TLS_DHE_DSS_WITH_AES_256_GCM_SHA384, TLS_DHE_RSA_WITH_AES_128_GCM_SHA256, TLS_DHE_DSS_WITH_AES_128_GCM_SHA256, TLS_ECDHE_ECDSA_WITH_AES_256_CBC_SHA384, TLS_ECDHE_RSA_WITH_AES_256_CBC_SHA384, TLS_ECDHE_ECDSA_WITH_AES_128_CBC_SHA256, TLS_ECDHE_RSA_WITH_AES_128_CBC_SHA256, TLS_DHE_RSA_WITH_AES_256_CBC_SHA256, TLS_DHE_DSS_WITH_AES_256_CBC_SHA256, TLS_DHE_RSA_WITH_AES_128_CBC_SHA256, TLS_DHE_DSS_WITH_AES_128_CBC_SHA256, TLS_ECDHE_ECDSA_WITH_AES_256_CBC_SHA, TLS_ECDHE_RSA_WITH_AES_256_CBC_SHA, TLS_ECDHE_ECDSA_WITH_AES_128_CBC_SHA, TLS_ECDHE_RSA_WITH_AES_128_CBC_SHA, TLS_DHE_RSA_WITH_AES_256_CBC_SHA, TLS_DHE_DSS_WITH_AES_256_CBC_SHA, TLS_DHE_RSA_WITH_AES_128_CBC_SHA, TLS_DHE_DSS_WITH_AES_128_CBC_SHA, TLS_EMPTY_RENEGOTIATION_INFO_SCSV]
20:09:28.580 [main] DEBUG org.apache.http.conn.ssl.SSLConnectionSocketFactory -- Starting handshake
20:09:28.611 [main] DEBUG org.apache.http.conn.ssl.SSLConnectionSocketFactory -- Secure session established
20:09:28.611 [main] DEBUG org.apache.http.conn.ssl.SSLConnectionSocketFactory --  negotiated protocol: TLSv1.3
20:09:28.611 [main] DEBUG org.apache.http.conn.ssl.SSLConnectionSocketFactory --  negotiated cipher suite: TLS_AES_256_GCM_SHA384
20:09:28.611 [main] DEBUG org.apache.http.conn.ssl.SSLConnectionSocketFactory --  peer principal: CN=supabase.co
20:09:28.611 [main] DEBUG org.apache.http.conn.ssl.SSLConnectionSocketFactory --  peer alternative names: [supabase.co, *.supabase.co]
20:09:28.611 [main] DEBUG org.apache.http.conn.ssl.SSLConnectionSocketFactory --  issuer principal: CN=WE1, O=Google Trust Services, C=US
20:09:28.611 [main] DEBUG org.apache.http.impl.conn.DefaultHttpClientConnectionOperator -- Connection established 192.168.0.160:50149<->104.18.38.10:443
20:09:28.611 [main] DEBUG org.apache.http.impl.conn.DefaultManagedHttpClientConnection -- http-outgoing-3: set socket timeout to 30000
20:09:28.611 [main] DEBUG org.apache.http.impl.execchain.MainClientExec -- Executing request POST /auth/v1/token?grant_type=password HTTP/1.1
20:09:28.611 [main] DEBUG org.apache.http.impl.execchain.MainClientExec -- Proxy auth state: UNCHALLENGED
20:09:28.612 [main] DEBUG org.apache.http.headers -- http-outgoing-3 >> POST /auth/v1/token?grant_type=password HTTP/1.1
20:09:28.612 [main] DEBUG org.apache.http.headers -- http-outgoing-3 >> apikey: sb_publishable_f98rPx2O8YbjxhH5Sm3u8g_MIFqACVH
20:09:28.612 [main] DEBUG org.apache.http.headers -- http-outgoing-3 >> Authorization: Bearer sb_publishable_f98rPx2O8YbjxhH5Sm3u8g_MIFqACVH
20:09:28.612 [main] DEBUG org.apache.http.headers -- http-outgoing-3 >> Content-Type: application/json; charset=UTF-8
20:09:28.612 [main] DEBUG org.apache.http.headers -- http-outgoing-3 >> Content-Length: 34
20:09:28.612 [main] DEBUG org.apache.http.headers -- http-outgoing-3 >> Host: bnjqjtsxgoenzzjzzwhe.supabase.co
20:09:28.612 [main] DEBUG org.apache.http.headers -- http-outgoing-3 >> Connection: Keep-Alive
20:09:28.612 [main] DEBUG org.apache.http.headers -- http-outgoing-3 >> User-Agent: Apache-HttpClient/4.5.14 (Java/25)
20:09:28.612 [main] DEBUG org.apache.http.headers -- http-outgoing-3 >> Accept-Encoding: gzip,deflate
20:09:28.612 [main] DEBUG org.apache.http.wire -- http-outgoing-3 >> "POST /auth/v1/token?grant_type=password HTTP/1.1[\r][\n]"
20:09:28.612 [main] DEBUG org.apache.http.wire -- http-outgoing-3 >> "apikey: sb_publishable_f98rPx2O8YbjxhH5Sm3u8g_MIFqACVH[\r][\n]"
20:09:28.612 [main] DEBUG org.apache.http.wire -- http-outgoing-3 >> "Authorization: Bearer sb_publishable_f98rPx2O8YbjxhH5Sm3u8g_MIFqACVH[\r][\n]"
20:09:28.612 [main] DEBUG org.apache.http.wire -- http-outgoing-3 >> "Content-Type: application/json; charset=UTF-8[\r][\n]"
20:09:28.612 [main] DEBUG org.apache.http.wire -- http-outgoing-3 >> "Content-Length: 34[\r][\n]"
20:09:28.612 [main] DEBUG org.apache.http.wire -- http-outgoing-3 >> "Host: bnjqjtsxgoenzzjzzwhe.supabase.co[\r][\n]"
20:09:28.612 [main] DEBUG org.apache.http.wire -- http-outgoing-3 >> "Connection: Keep-Alive[\r][\n]"
20:09:28.612 [main] DEBUG org.apache.http.wire -- http-outgoing-3 >> "User-Agent: Apache-HttpClient/4.5.14 (Java/25)[\r][\n]"
20:09:28.612 [main] DEBUG org.apache.http.wire -- http-outgoing-3 >> "Accept-Encoding: gzip,deflate[\r][\n]"
20:09:28.612 [main] DEBUG org.apache.http.wire -- http-outgoing-3 >> "[\r][\n]"
20:09:28.612 [main] DEBUG org.apache.http.wire -- http-outgoing-3 >> "{"email":"","password":"12345678"}"
20:09:29.200 [main] DEBUG org.apache.http.wire -- http-outgoing-3 << "HTTP/1.1 400 Bad Request[\r][\n]"
20:09:29.200 [main] DEBUG org.apache.http.wire -- http-outgoing-3 << "Date: Sun, 26 Apr 2026 23:09:29 GMT[\r][\n]"
20:09:29.200 [main] DEBUG org.apache.http.wire -- http-outgoing-3 << "Content-Type: application/json[\r][\n]"
20:09:29.200 [main] DEBUG org.apache.http.wire -- http-outgoing-3 << "Content-Length: 76[\r][\n]"
20:09:29.200 [main] DEBUG org.apache.http.wire -- http-outgoing-3 << "Connection: keep-alive[\r][\n]"
20:09:29.200 [main] DEBUG org.apache.http.wire -- http-outgoing-3 << "CF-Ray: 9f29415e88075676-EZE[\r][\n]"
20:09:29.200 [main] DEBUG org.apache.http.wire -- http-outgoing-3 << "CF-Cache-Status: DYNAMIC[\r][\n]"
20:09:29.200 [main] DEBUG org.apache.http.wire -- http-outgoing-3 << "Server: cloudflare[\r][\n]"
20:09:29.200 [main] DEBUG org.apache.http.wire -- http-outgoing-3 << "Strict-Transport-Security: max-age=31536000; includeSubDomains; preload[\r][\n]"
20:09:29.200 [main] DEBUG org.apache.http.wire -- http-outgoing-3 << "Vary: Origin[\r][\n]"
20:09:29.200 [main] DEBUG org.apache.http.wire -- http-outgoing-3 << "X-Content-Type-Options: nosniff[\r][\n]"
20:09:29.200 [main] DEBUG org.apache.http.wire -- http-outgoing-3 << "sb-gateway-version: 1[\r][\n]"
20:09:29.200 [main] DEBUG org.apache.http.wire -- http-outgoing-3 << "sb-project-ref: bnjqjtsxgoenzzjzzwhe[\r][\n]"
20:09:29.200 [main] DEBUG org.apache.http.wire -- http-outgoing-3 << "sb-request-id: 019dcc0e-1720-71e3-ac26-5043127cdd9e[\r][\n]"
20:09:29.200 [main] DEBUG org.apache.http.wire -- http-outgoing-3 << "x-envoy-attempt-count: 1[\r][\n]"
20:09:29.200 [main] DEBUG org.apache.http.wire -- http-outgoing-3 << "x-envoy-upstream-service-time: 4[\r][\n]"
20:09:29.200 [main] DEBUG org.apache.http.wire -- http-outgoing-3 << "x-sb-error-code: validation_failed[\r][\n]"
20:09:29.200 [main] DEBUG org.apache.http.wire -- http-outgoing-3 << "set-cookie: __cf_bm=_KMN_jz7Iz9NOZZCOj9QI_oTKLEs0tdWUUvkSrXOoOs-1777244968.7309418-1.0.1.1-5hQ22hOGHoQ85EUf4g71B.X4mEMSaG5R7YmcCk30mnqrrEC54dMi1jp.ycJk5q8CwBNSyM1V6dWArifqXd58DfmkpvGATUDhBSyRV_cTdeh7YjiAJp1Tivi5In_Wjk4R; HttpOnly; Secure; Path=/; Domain=supabase.co; Expires=Sun, 26 Apr 2026 23:39:29 GMT[\r][\n]"
20:09:29.200 [main] DEBUG org.apache.http.wire -- http-outgoing-3 << "alt-svc: h3=":443"; ma=86400[\r][\n]"
20:09:29.200 [main] DEBUG org.apache.http.wire -- http-outgoing-3 << "[\r][\n]"
20:09:29.200 [main] DEBUG org.apache.http.wire -- http-outgoing-3 << "{"code":400,"error_code":"validation_failed","msg":"missing email or phone"}"
20:09:29.200 [main] DEBUG org.apache.http.headers -- http-outgoing-3 << HTTP/1.1 400 Bad Request
20:09:29.200 [main] DEBUG org.apache.http.headers -- http-outgoing-3 << Date: Sun, 26 Apr 2026 23:09:29 GMT
20:09:29.200 [main] DEBUG org.apache.http.headers -- http-outgoing-3 << Content-Type: application/json
20:09:29.200 [main] DEBUG org.apache.http.headers -- http-outgoing-3 << Content-Length: 76
20:09:29.200 [main] DEBUG org.apache.http.headers -- http-outgoing-3 << Connection: keep-alive
20:09:29.200 [main] DEBUG org.apache.http.headers -- http-outgoing-3 << CF-Ray: 9f29415e88075676-EZE
20:09:29.201 [main] DEBUG org.apache.http.headers -- http-outgoing-3 << CF-Cache-Status: DYNAMIC
20:09:29.201 [main] DEBUG org.apache.http.headers -- http-outgoing-3 << Server: cloudflare
20:09:29.201 [main] DEBUG org.apache.http.headers -- http-outgoing-3 << Strict-Transport-Security: max-age=31536000; includeSubDomains; preload
20:09:29.201 [main] DEBUG org.apache.http.headers -- http-outgoing-3 << Vary: Origin
20:09:29.201 [main] DEBUG org.apache.http.headers -- http-outgoing-3 << X-Content-Type-Options: nosniff
20:09:29.201 [main] DEBUG org.apache.http.headers -- http-outgoing-3 << sb-gateway-version: 1
20:09:29.201 [main] DEBUG org.apache.http.headers -- http-outgoing-3 << sb-project-ref: bnjqjtsxgoenzzjzzwhe
20:09:29.201 [main] DEBUG org.apache.http.headers -- http-outgoing-3 << sb-request-id: 019dcc0e-1720-71e3-ac26-5043127cdd9e
20:09:29.201 [main] DEBUG org.apache.http.headers -- http-outgoing-3 << x-envoy-attempt-count: 1
20:09:29.201 [main] DEBUG org.apache.http.headers -- http-outgoing-3 << x-envoy-upstream-service-time: 4
20:09:29.201 [main] DEBUG org.apache.http.headers -- http-outgoing-3 << x-sb-error-code: validation_failed
20:09:29.201 [main] DEBUG org.apache.http.headers -- http-outgoing-3 << set-cookie: __cf_bm=_KMN_jz7Iz9NOZZCOj9QI_oTKLEs0tdWUUvkSrXOoOs-1777244968.7309418-1.0.1.1-5hQ22hOGHoQ85EUf4g71B.X4mEMSaG5R7YmcCk30mnqrrEC54dMi1jp.ycJk5q8CwBNSyM1V6dWArifqXd58DfmkpvGATUDhBSyRV_cTdeh7YjiAJp1Tivi5In_Wjk4R; HttpOnly; Secure; Path=/; Domain=supabase.co; Expires=Sun, 26 Apr 2026 23:39:29 GMT
20:09:29.201 [main] DEBUG org.apache.http.headers -- http-outgoing-3 << alt-svc: h3=":443"; ma=86400
20:09:29.201 [main] DEBUG org.apache.http.impl.execchain.MainClientExec -- Connection can be kept alive indefinitely
20:09:29.202 [main] DEBUG org.apache.http.client.protocol.ResponseProcessCookies -- Cookie accepted [__cf_bm="_KMN_jz7Iz9NOZZCOj9QI_oTKLEs0tdWUUvkSrXOoOs-1777244968.7309418-1.0.1.1-5hQ22hOGHoQ85EUf4g71B.X4mEMSa...", version:0, domain:supabase.co, path:/, expiry:Sun Apr 26 20:39:29 GMT-03:00 2026]
20:09:29.202 [main] DEBUG org.apache.http.impl.conn.PoolingHttpClientConnectionManager -- Connection [id: 3][route: {s}->https://bnjqjtsxgoenzzjzzwhe.supabase.co:443] can be kept alive indefinitely
20:09:29.202 [main] DEBUG org.apache.http.impl.conn.DefaultManagedHttpClientConnection -- http-outgoing-3: set socket timeout to 0
20:09:29.202 [main] DEBUG org.apache.http.impl.conn.PoolingHttpClientConnectionManager -- Connection released: [id: 3][route: {s}->https://bnjqjtsxgoenzzjzzwhe.supabase.co:443][total available: 1; route allocated: 1 of 5; total allocated: 1 of 10]
20:09:29.202 [main] DEBUG org.apache.http.impl.conn.PoolingHttpClientConnectionManager -- Connection manager is shutting down
20:09:29.202 [main] DEBUG org.apache.http.impl.conn.DefaultManagedHttpClientConnection -- http-outgoing-3: Close connection
20:09:29.203 [main] DEBUG org.apache.http.impl.conn.PoolingHttpClientConnectionManager -- Connection manager shut down
20:09:29.203 [main] DEBUG com.intuit.karate -- response time in milliseconds: 637
1 < 400
1 < Date: Sun, 26 Apr 2026 23:09:29 GMT
1 < Content-Type: application/json
1 < Content-Length: 76
1 < Connection: keep-alive
1 < CF-Ray: 9f29415e88075676-EZE
1 < CF-Cache-Status: DYNAMIC
1 < Server: cloudflare
1 < Strict-Transport-Security: max-age=31536000; includeSubDomains; preload
1 < Vary: Origin
1 < X-Content-Type-Options: nosniff
1 < sb-gateway-version: 1
1 < sb-project-ref: bnjqjtsxgoenzzjzzwhe
1 < sb-request-id: 019dcc0e-1720-71e3-ac26-5043127cdd9e
1 < x-envoy-attempt-count: 1
1 < x-envoy-upstream-service-time: 4
1 < x-sb-error-code: validation_failed
1 < set-cookie: __cf_bm=_KMN_jz7Iz9NOZZCOj9QI_oTKLEs0tdWUUvkSrXOoOs-1777244968.7309418-1.0.1.1-5hQ22hOGHoQ85EUf4g71B.X4mEMSaG5R7YmcCk30mnqrrEC54dMi1jp.ycJk5q8CwBNSyM1V6dWArifqXd58DfmkpvGATUDhBSyRV_cTdeh7YjiAJp1Tivi5In_Wjk4R; HttpOnly; Secure; Path=/; Domain=supabase.co; Expires=Sun, 26 Apr 2026 23:39:29 GMT
1 < alt-svc: h3=":443"; ma=86400
1 < Set-Cookie: __cf_bm=_KMN_jz7Iz9NOZZCOj9QI_oTKLEs0tdWUUvkSrXOoOs-1777244968.7309418-1.0.1.1-5hQ22hOGHoQ85EUf4g71B.X4mEMSaG5R7YmcCk30mnqrrEC54dMi1jp.ycJk5q8CwBNSyM1V6dWArifqXd58DfmkpvGATUDhBSyRV_cTdeh7YjiAJp1Tivi5In_Wjk4R; HttpOnly; Secure; Path=/; Domain=supabase.co; Expires=Sun, 26 Apr 2026 23:39:29 GMT
{"code":400,"error_code":"validation_failed","msg":"missing email or phone"}

20:09:29.207 [main] DEBUG com.jayway.jsonpath.internal.path.CompiledPath -- Evaluating path: $['error_code']
20:09:29.208 [main] DEBUG com.jayway.jsonpath.internal.path.CompiledPath -- Evaluating path: $['msg']
]]></system-out>
  </testcase>
  <testcase name="[2.4:44] CP05 - Login con Contraseña inválida" classname="features/auth/login" time="0.511">
    <system-out><![CDATA[20:09:29.241 [main] DEBUG com.jayway.jsonpath.internal.path.CompiledPath -- Evaluating path: $
20:09:29.245 [main] DEBUG com.jayway.jsonpath.internal.path.CompiledPath -- Evaluating path: $['password']
20:09:29.245 [main] DEBUG com.jayway.jsonpath.internal.path.CompiledPath -- Evaluating path: $
20:09:29.245 [main] DEBUG com.jayway.jsonpath.internal.JsonContext -- Put path $ key password value 1234567
20:09:29.249 [main] DEBUG org.apache.http.client.protocol.RequestAddCookies -- CookieSpec selected: karate
20:09:29.249 [main] DEBUG org.apache.http.client.protocol.RequestAuthCache -- Auth cache not set in the context
20:09:29.249 [main] DEBUG com.intuit.karate -- request:
1 > POST https://bnjqjtsxgoenzzjzzwhe.supabase.co/auth/v1/token?grant_type=password
1 > apikey: sb_publishable_f98rPx2O8YbjxhH5Sm3u8g_MIFqACVH
1 > Authorization: Bearer sb_publishable_f98rPx2O8YbjxhH5Sm3u8g_MIFqACVH
1 > Content-Type: application/json; charset=UTF-8
1 > Content-Length: 57
1 > Host: bnjqjtsxgoenzzjzzwhe.supabase.co
1 > Connection: Keep-Alive
1 > User-Agent: Apache-HttpClient/4.5.14 (Java/25)
1 > Accept-Encoding: gzip,deflate
{"email":"aprendiz1001@qaxpert.com","password":"1234567"}

20:09:29.249 [main] DEBUG org.apache.http.impl.conn.PoolingHttpClientConnectionManager -- Connection request: [route: {s}->https://bnjqjtsxgoenzzjzzwhe.supabase.co:443][total available: 0; route allocated: 0 of 5; total allocated: 0 of 10]
20:09:29.250 [main] DEBUG org.apache.http.impl.conn.PoolingHttpClientConnectionManager -- Connection leased: [id: 4][route: {s}->https://bnjqjtsxgoenzzjzzwhe.supabase.co:443][total available: 0; route allocated: 1 of 5; total allocated: 1 of 10]
20:09:29.250 [main] DEBUG org.apache.http.impl.execchain.MainClientExec -- Opening connection {s}->https://bnjqjtsxgoenzzjzzwhe.supabase.co:443
20:09:29.250 [main] DEBUG org.apache.http.impl.conn.DefaultHttpClientConnectionOperator -- Connecting to bnjqjtsxgoenzzjzzwhe.supabase.co/104.18.38.10:443
20:09:29.250 [main] DEBUG org.apache.http.conn.ssl.SSLConnectionSocketFactory -- Connecting socket to bnjqjtsxgoenzzjzzwhe.supabase.co/104.18.38.10:443 with timeout 30000
20:09:29.266 [main] DEBUG org.apache.http.conn.ssl.SSLConnectionSocketFactory -- Enabled protocols: [TLSv1.3, TLSv1.2]
20:09:29.266 [main] DEBUG org.apache.http.conn.ssl.SSLConnectionSocketFactory -- Enabled cipher suites:[TLS_AES_256_GCM_SHA384, TLS_AES_128_GCM_SHA256, TLS_CHACHA20_POLY1305_SHA256, TLS_ECDHE_ECDSA_WITH_AES_256_GCM_SHA384, TLS_ECDHE_ECDSA_WITH_AES_128_GCM_SHA256, TLS_ECDHE_ECDSA_WITH_CHACHA20_POLY1305_SHA256, TLS_ECDHE_RSA_WITH_AES_256_GCM_SHA384, TLS_ECDHE_RSA_WITH_CHACHA20_POLY1305_SHA256, TLS_ECDHE_RSA_WITH_AES_128_GCM_SHA256, TLS_DHE_RSA_WITH_AES_256_GCM_SHA384, TLS_DHE_RSA_WITH_CHACHA20_POLY1305_SHA256, TLS_DHE_DSS_WITH_AES_256_GCM_SHA384, TLS_DHE_RSA_WITH_AES_128_GCM_SHA256, TLS_DHE_DSS_WITH_AES_128_GCM_SHA256, TLS_ECDHE_ECDSA_WITH_AES_256_CBC_SHA384, TLS_ECDHE_RSA_WITH_AES_256_CBC_SHA384, TLS_ECDHE_ECDSA_WITH_AES_128_CBC_SHA256, TLS_ECDHE_RSA_WITH_AES_128_CBC_SHA256, TLS_DHE_RSA_WITH_AES_256_CBC_SHA256, TLS_DHE_DSS_WITH_AES_256_CBC_SHA256, TLS_DHE_RSA_WITH_AES_128_CBC_SHA256, TLS_DHE_DSS_WITH_AES_128_CBC_SHA256, TLS_ECDHE_ECDSA_WITH_AES_256_CBC_SHA, TLS_ECDHE_RSA_WITH_AES_256_CBC_SHA, TLS_ECDHE_ECDSA_WITH_AES_128_CBC_SHA, TLS_ECDHE_RSA_WITH_AES_128_CBC_SHA, TLS_DHE_RSA_WITH_AES_256_CBC_SHA, TLS_DHE_DSS_WITH_AES_256_CBC_SHA, TLS_DHE_RSA_WITH_AES_128_CBC_SHA, TLS_DHE_DSS_WITH_AES_128_CBC_SHA, TLS_EMPTY_RENEGOTIATION_INFO_SCSV]
20:09:29.266 [main] DEBUG org.apache.http.conn.ssl.SSLConnectionSocketFactory -- Starting handshake
20:09:29.296 [main] DEBUG org.apache.http.conn.ssl.SSLConnectionSocketFactory -- Secure session established
20:09:29.296 [main] DEBUG org.apache.http.conn.ssl.SSLConnectionSocketFactory --  negotiated protocol: TLSv1.3
20:09:29.296 [main] DEBUG org.apache.http.conn.ssl.SSLConnectionSocketFactory --  negotiated cipher suite: TLS_AES_256_GCM_SHA384
20:09:29.296 [main] DEBUG org.apache.http.conn.ssl.SSLConnectionSocketFactory --  peer principal: CN=supabase.co
20:09:29.296 [main] DEBUG org.apache.http.conn.ssl.SSLConnectionSocketFactory --  peer alternative names: [supabase.co, *.supabase.co]
20:09:29.296 [main] DEBUG org.apache.http.conn.ssl.SSLConnectionSocketFactory --  issuer principal: CN=WE1, O=Google Trust Services, C=US
20:09:29.296 [main] DEBUG org.apache.http.impl.conn.DefaultHttpClientConnectionOperator -- Connection established 192.168.0.160:50150<->104.18.38.10:443
20:09:29.296 [main] DEBUG org.apache.http.impl.conn.DefaultManagedHttpClientConnection -- http-outgoing-4: set socket timeout to 30000
20:09:29.296 [main] DEBUG org.apache.http.impl.execchain.MainClientExec -- Executing request POST /auth/v1/token?grant_type=password HTTP/1.1
20:09:29.296 [main] DEBUG org.apache.http.impl.execchain.MainClientExec -- Proxy auth state: UNCHALLENGED
20:09:29.296 [main] DEBUG org.apache.http.headers -- http-outgoing-4 >> POST /auth/v1/token?grant_type=password HTTP/1.1
20:09:29.297 [main] DEBUG org.apache.http.headers -- http-outgoing-4 >> apikey: sb_publishable_f98rPx2O8YbjxhH5Sm3u8g_MIFqACVH
20:09:29.297 [main] DEBUG org.apache.http.headers -- http-outgoing-4 >> Authorization: Bearer sb_publishable_f98rPx2O8YbjxhH5Sm3u8g_MIFqACVH
20:09:29.297 [main] DEBUG org.apache.http.headers -- http-outgoing-4 >> Content-Type: application/json; charset=UTF-8
20:09:29.297 [main] DEBUG org.apache.http.headers -- http-outgoing-4 >> Content-Length: 57
20:09:29.297 [main] DEBUG org.apache.http.headers -- http-outgoing-4 >> Host: bnjqjtsxgoenzzjzzwhe.supabase.co
20:09:29.297 [main] DEBUG org.apache.http.headers -- http-outgoing-4 >> Connection: Keep-Alive
20:09:29.297 [main] DEBUG org.apache.http.headers -- http-outgoing-4 >> User-Agent: Apache-HttpClient/4.5.14 (Java/25)
20:09:29.297 [main] DEBUG org.apache.http.headers -- http-outgoing-4 >> Accept-Encoding: gzip,deflate
20:09:29.297 [main] DEBUG org.apache.http.wire -- http-outgoing-4 >> "POST /auth/v1/token?grant_type=password HTTP/1.1[\r][\n]"
20:09:29.297 [main] DEBUG org.apache.http.wire -- http-outgoing-4 >> "apikey: sb_publishable_f98rPx2O8YbjxhH5Sm3u8g_MIFqACVH[\r][\n]"
20:09:29.297 [main] DEBUG org.apache.http.wire -- http-outgoing-4 >> "Authorization: Bearer sb_publishable_f98rPx2O8YbjxhH5Sm3u8g_MIFqACVH[\r][\n]"
20:09:29.297 [main] DEBUG org.apache.http.wire -- http-outgoing-4 >> "Content-Type: application/json; charset=UTF-8[\r][\n]"
20:09:29.297 [main] DEBUG org.apache.http.wire -- http-outgoing-4 >> "Content-Length: 57[\r][\n]"
20:09:29.297 [main] DEBUG org.apache.http.wire -- http-outgoing-4 >> "Host: bnjqjtsxgoenzzjzzwhe.supabase.co[\r][\n]"
20:09:29.297 [main] DEBUG org.apache.http.wire -- http-outgoing-4 >> "Connection: Keep-Alive[\r][\n]"
20:09:29.297 [main] DEBUG org.apache.http.wire -- http-outgoing-4 >> "User-Agent: Apache-HttpClient/4.5.14 (Java/25)[\r][\n]"
20:09:29.297 [main] DEBUG org.apache.http.wire -- http-outgoing-4 >> "Accept-Encoding: gzip,deflate[\r][\n]"
20:09:29.297 [main] DEBUG org.apache.http.wire -- http-outgoing-4 >> "[\r][\n]"
20:09:29.297 [main] DEBUG org.apache.http.wire -- http-outgoing-4 >> "{"email":"aprendiz1001@qaxpert.com","password":"1234567"}"
20:09:29.717 [main] DEBUG org.apache.http.wire -- http-outgoing-4 << "HTTP/1.1 400 Bad Request[\r][\n]"
20:09:29.718 [main] DEBUG org.apache.http.wire -- http-outgoing-4 << "Date: Sun, 26 Apr 2026 23:09:29 GMT[\r][\n]"
20:09:29.718 [main] DEBUG org.apache.http.wire -- http-outgoing-4 << "Content-Type: application/json[\r][\n]"
[...]
[THYMELEAF]             * [* {th:dropzone,data-th-dropzone}] [1000]: org.thymeleaf.standard.processor.StandardRemovableAttributeTagProcessor
[THYMELEAF]             * [* {th:codetype,data-th-codetype}] [1000]: org.thymeleaf.standard.processor.StandardRemovableAttributeTagProcessor
[THYMELEAF]             * [* {th:contenteditable,data-th-contenteditable}] [1000]: org.thymeleaf.standard.processor.StandardRemovableAttributeTagProcessor
[THYMELEAF]             * [* {th:keytype,data-th-keytype}] [1000]: org.thymeleaf.standard.processor.StandardRemovableAttributeTagProcessor
[THYMELEAF]             * [* {th:max,data-th-max}] [1000]: org.thymeleaf.standard.processor.StandardRemovableAttributeTagProcessor
[THYMELEAF]             * [* {th:classid,data-th-classid}] [1000]: org.thymeleaf.standard.processor.StandardRemovableAttributeTagProcessor
[THYMELEAF]             * [* {th:headers,data-th-headers}] [1000]: org.thymeleaf.standard.processor.StandardRemovableAttributeTagProcessor
[THYMELEAF]             * [* {th:target,data-th-target}] [1000]: org.thymeleaf.standard.processor.StandardRemovableAttributeTagProcessor
[THYMELEAF]             * [* {th:hreflang,data-th-hreflang}] [1000]: org.thymeleaf.standard.processor.StandardRemovableAttributeTagProcessor
[THYMELEAF]             * [* {th:archive,data-th-archive}] [1000]: org.thymeleaf.standard.processor.StandardRemovableAttributeTagProcessor
[THYMELEAF]             * [* {th:charset,data-th-charset}] [1000]: org.thymeleaf.standard.processor.StandardRemovableAttributeTagProcessor
[THYMELEAF]             * [* {th:challenge,data-th-challenge}] [1000]: org.thymeleaf.standard.processor.StandardRemovableAttributeTagProcessor
[THYMELEAF]             * [* {th:formmethod,data-th-formmethod}] [1000]: org.thymeleaf.standard.processor.StandardRemovableAttributeTagProcessor
[THYMELEAF]             * [* {th:rowspan,data-th-rowspan}] [1000]: org.thymeleaf.standard.processor.StandardRemovableAttributeTagProcessor
[THYMELEAF]             * [* {th:cellpadding,data-th-cellpadding}] [1000]: org.thymeleaf.standard.processor.StandardRemovableAttributeTagProcessor
[THYMELEAF]             * [* {th:data,data-th-data}] [1000]: org.thymeleaf.standard.processor.StandardRemovableAttributeTagProcessor
[THYMELEAF]             * [* {th:for,data-th-for}] [1000]: org.thymeleaf.standard.processor.StandardRemovableAttributeTagProcessor
[THYMELEAF]             * [* {th:bgcolor,data-th-bgcolor}] [1000]: org.thymeleaf.standard.processor.StandardRemovableAttributeTagProcessor
[THYMELEAF]             * [* {th:cols,data-th-cols}] [1000]: org.thymeleaf.standard.processor.StandardRemovableAttributeTagProcessor
[THYMELEAF]             * [* {th:span,data-th-span}] [1000]: org.thymeleaf.standard.processor.StandardRemovableAttributeTagProcessor
[THYMELEAF]             * [* {th:audio,data-th-audio}] [1000]: org.thymeleaf.standard.processor.StandardRemovableAttributeTagProcessor
[THYMELEAF]             * [* {th:content,data-th-content}] [1000]: org.thymeleaf.standard.processor.StandardRemovableAttributeTagProcessor
[THYMELEAF]             * [* {th:cellspacing,data-th-cellspacing}] [1000]: org.thymeleaf.standard.processor.StandardRemovableAttributeTagProcessor
[THYMELEAF]             * [* {th:manifest,data-th-manifest}] [1000]: org.thymeleaf.standard.processor.StandardRemovableAttributeTagProcessor
[THYMELEAF]             * [* {th:maxlength,data-th-maxlength}] [1000]: org.thymeleaf.standard.processor.StandardRemovableAttributeTagProcessor
[THYMELEAF]             * [* {th:size,data-th-size}] [1000]: org.thymeleaf.standard.processor.StandardRemovableAttributeTagProcessor
[THYMELEAF]             * [* {th:contextmenu,data-th-contextmenu}] [1000]: org.thymeleaf.standard.processor.StandardRemovableAttributeTagProcessor
[THYMELEAF]             * [* {th:sizes,data-th-sizes}] [1000]: org.thymeleaf.standard.processor.StandardRemovableAttributeTagProcessor
[THYMELEAF]             * [* {th:compact,data-th-compact}] [1000]: org.thymeleaf.standard.processor.StandardRemovableAttributeTagProcessor
[THYMELEAF]             * [* {th:preload,data-th-preload}] [1000]: org.thymeleaf.standard.processor.StandardRemovableAttributeTagProcessor
[THYMELEAF]             * [* {th:draggable,data-th-draggable}] [1000]: org.thymeleaf.standard.processor.StandardRemovableAttributeTagProcessor
[THYMELEAF]             * [* {th:cite,data-th-cite}] [1000]: org.thymeleaf.standard.processor.StandardRemovableAttributeTagProcessor
[THYMELEAF]             * [* {th:step,data-th-step}] [1000]: org.thymeleaf.standard.processor.StandardRemovableAttributeTagProcessor
[THYMELEAF]             * [* {th:datetime,data-th-datetime}] [1000]: org.thymeleaf.standard.processor.StandardRemovableAttributeTagProcessor
[THYMELEAF]             * [* {th:low,data-th-low}] [1000]: org.thymeleaf.standard.processor.StandardRemovableAttributeTagProcessor
[THYMELEAF]             * [* {th:autocomplete,data-th-autocomplete}] [1000]: org.thymeleaf.standard.processor.StandardRemovableAttributeTagProcessor
[THYMELEAF]             * [* {th:title,data-th-title}] [1000]: org.thymeleaf.standard.processor.StandardRemovableAttributeTagProcessor
[THYMELEAF]             * [* {th:id,data-th-id}] [1000]: org.thymeleaf.standard.processor.StandardRemovableAttributeTagProcessor
[THYMELEAF]             * [* {th:src,data-th-src}] [1000]: org.thymeleaf.standard.processor.StandardSrcTagProcessor
[THYMELEAF]             * [* {th:value,data-th-value}] [1000]: org.thymeleaf.standard.processor.StandardValueTagProcessor
[THYMELEAF]             * [* {th:xmlbase,data-th-xmlbase}] [1000]: org.thymeleaf.standard.processor.StandardXmlBaseTagProcessor
[THYMELEAF]             * [* {th:xmllang,data-th-xmllang}] [1000]: org.thymeleaf.standard.processor.StandardXmlLangTagProcessor
[THYMELEAF]             * [* {xmlns:th}] [1000]: org.thymeleaf.standard.processor.StandardXmlNsTagProcessor
[THYMELEAF]             * [* {th:xmlspace,data-th-xmlspace}] [1000]: org.thymeleaf.standard.processor.StandardXmlSpaceTagProcessor
[THYMELEAF]             * [* {th:classappend,data-th-classappend}] [1100]: org.thymeleaf.standard.processor.StandardClassappendTagProcessor
[THYMELEAF]             * [* {th:styleappend,data-th-styleappend}] [1100]: org.thymeleaf.standard.processor.StandardStyleappendTagProcessor
[THYMELEAF]             * [* {th:text,data-th-text}] [1300]: org.thymeleaf.standard.processor.StandardTextTagProcessor
[THYMELEAF]             * [* {th:utext,data-th-utext}] [1400]: org.thymeleaf.standard.processor.StandardUtextTagProcessor
[THYMELEAF]             * [* {th:fragment,data-th-fragment}] [1500]: org.thymeleaf.standard.processor.StandardFragmentTagProcessor
[THYMELEAF]             * [* {th:assert,data-th-assert}] [1550]: org.thymeleaf.standard.processor.StandardAssertTagProcessor
[THYMELEAF]             * [* {th:remove,data-th-remove}] [1600]: org.thymeleaf.standard.processor.StandardRemoveTagProcessor
[THYMELEAF]             * [* {th:ref,data-th-ref}] [10000]: org.thymeleaf.standard.processor.StandardRefAttributeTagProcessor
[THYMELEAF]             * [{th:block,th-block} *] [100000]: org.thymeleaf.standard.processor.StandardBlockTagProcessor
[THYMELEAF]             * [* th:*] [2147483647]: org.thymeleaf.standard.processor.StandardDefaultAttributesTagProcessor
[THYMELEAF]         * Text Processors by [precedence]:
[THYMELEAF]             * [1000]: org.thymeleaf.standard.processor.StandardInliningTextProcessor
[THYMELEAF]         * DOCTYPE Processors by [precedence]:
[THYMELEAF]             * [1000]: org.thymeleaf.standard.processor.StandardTranslationDocTypeProcessor
[THYMELEAF]         * CDATA Section Processors by [precedence]:
[THYMELEAF]             * [1000]: org.thymeleaf.standard.processor.StandardInliningCDATASectionProcessor
[THYMELEAF]         * Comment Processors by [precedence]:
[THYMELEAF]             * [1000]: org.thymeleaf.standard.processor.StandardInliningCommentProcessor
[THYMELEAF]             * [1100]: org.thymeleaf.standard.processor.StandardConditionalCommentProcessor
[THYMELEAF]     * Processors for Template Mode: XML
[THYMELEAF]         * Element Tag Processors by [matching element and attribute name] [precedence]:
[THYMELEAF]             * [* {th:include}] [100]: org.thymeleaf.standard.processor.StandardIncludeTagProcessor
[THYMELEAF]             * [* {th:insert}] [100]: org.thymeleaf.standard.processor.StandardInsertTagProcessor
[THYMELEAF]             * [* {th:replace}] [100]: org.thymeleaf.standard.processor.StandardReplaceTagProcessor
[THYMELEAF]             * [* {th:each}] [200]: com.intuit.karate.template.KarateEachTagProcessor
[THYMELEAF]             * [* {th:switch}] [250]: org.thymeleaf.standard.processor.StandardSwitchTagProcessor
[THYMELEAF]             * [* {th:case}] [275]: org.thymeleaf.standard.processor.StandardCaseTagProcessor
[THYMELEAF]             * [* {th:if}] [300]: org.thymeleaf.standard.processor.StandardIfTagProcessor
[THYMELEAF]             * [* {th:unless}] [400]: org.thymeleaf.standard.processor.StandardUnlessTagProcessor
[THYMELEAF]             * [* {th:object}] [500]: org.thymeleaf.standard.processor.StandardObjectTagProcessor
[THYMELEAF]             * [* {th:with}] [600]: com.intuit.karate.template.KarateWithTagProcessor
[THYMELEAF]             * [* {th:attr}] [700]: com.intuit.karate.template.KarateAttributeTagProcessor.KarateAttrTagProcessor
[THYMELEAF]             * [* {th:attrappend}] [900]: com.intuit.karate.template.KarateAttributeTagProcessor.KarateAttrappendTagProcessor
[THYMELEAF]             * [* {th:attrprepend}] [900]: com.intuit.karate.template.KarateAttributeTagProcessor.KarateAttrprependTagProcessor
[THYMELEAF]             * [* {th:inline}] [1000]: org.thymeleaf.standard.processor.StandardInlineXMLTagProcessor
[THYMELEAF]             * [* {xmlns:th}] [1000]: org.thymeleaf.standard.processor.StandardXmlNsTagProcessor
[THYMELEAF]             * [* {th:text}] [1300]: org.thymeleaf.standard.processor.StandardTextTagProcessor
[THYMELEAF]             * [* {th:utext}] [1400]: org.thymeleaf.standard.processor.StandardUtextTagProcessor
[THYMELEAF]             * [* {th:fragment}] [1500]: org.thymeleaf.standard.processor.StandardFragmentTagProcessor
[THYMELEAF]             * [* {th:assert}] [1550]: org.thymeleaf.standard.processor.StandardAssertTagProcessor
[THYMELEAF]             * [* {th:remove}] [1600]: org.thymeleaf.standard.processor.StandardRemoveTagProcessor
[THYMELEAF]             * [* {th:ref}] [10000]: org.thymeleaf.standard.processor.StandardRefAttributeTagProcessor
[THYMELEAF]             * [{th:block} *] [100000]: org.thymeleaf.standard.processor.StandardBlockTagProcessor
[THYMELEAF]             * [* th:*] [2147483647]: org.thymeleaf.standard.processor.StandardDefaultAttributesTagProcessor
[THYMELEAF]         * Text Processors by [precedence]:
[THYMELEAF]             * [1000]: org.thymeleaf.standard.processor.StandardInliningTextProcessor
[THYMELEAF]         * CDATA Section Processors by [precedence]:
[THYMELEAF]             * [1000]: org.thymeleaf.standard.processor.StandardInliningCDATASectionProcessor
[THYMELEAF]         * Comment Processors by [precedence]:
[THYMELEAF]             * [1000]: org.thymeleaf.standard.processor.StandardInliningCommentProcessor
[THYMELEAF]     * Processors for Template Mode: TEXT
[THYMELEAF]         * Element Tag Processors by [matching element and attribute name] [precedence]:
[THYMELEAF]             * [* {th:insert}] [100]: org.thymeleaf.standard.processor.StandardInsertTagProcessor
[THYMELEAF]             * [* {th:replace}] [100]: org.thymeleaf.standard.processor.StandardReplaceTagProcessor
[THYMELEAF]             * [* {th:each}] [200]: com.intuit.karate.template.KarateEachTagProcessor
[THYMELEAF]             * [* {th:switch}] [250]: org.thymeleaf.standard.processor.StandardSwitchTagProcessor
[THYMELEAF]             * [* {th:case}] [275]: org.thymeleaf.standard.processor.StandardCaseTagProcessor
[THYMELEAF]             * [* {th:if}] [300]: org.thymeleaf.standard.processor.StandardIfTagProcessor
[THYMELEAF]             * [* {th:unless}] [400]: org.thymeleaf.standard.processor.StandardUnlessTagProcessor
[THYMELEAF]             * [* {th:object}] [500]: org.thymeleaf.standard.processor.StandardObjectTagProcessor
[THYMELEAF]             * [* {th:with}] [600]: com.intuit.karate.template.KarateWithTagProcessor
[THYMELEAF]             * [* {th:inline}] [1000]: org.thymeleaf.standard.processor.StandardInlineTextualTagProcessor
[THYMELEAF]             * [* {th:text}] [1300]: org.thymeleaf.standard.processor.StandardTextTagProcessor
[THYMELEAF]             * [* {th:utext}] [1400]: org.thymeleaf.standard.processor.StandardUtextTagProcessor
[THYMELEAF]             * [* {th:assert}] [1550]: org.thymeleaf.standard.processor.StandardAssertTagProcessor
[THYMELEAF]             * [* {th:remove}] [1600]: org.thymeleaf.standard.processor.StandardRemoveTagProcessor
[THYMELEAF]             * [{th:block} *] [100000]: org.thymeleaf.standard.processor.StandardBlockTagProcessor
[THYMELEAF]             * [* 100000] [org.thymeleaf.standard.processor.StandardBlockTagProcessor]: {}
[THYMELEAF]         * Text Processors by [precedence]:
[THYMELEAF]             * [1000]: org.thymeleaf.standard.processor.StandardInliningTextProcessor
[THYMELEAF]     * Processors for Template Mode: JAVASCRIPT
[THYMELEAF]         * Element Tag Processors by [matching element and attribute name] [precedence]:
[THYMELEAF]             * [* {th:insert}] [100]: org.thymeleaf.standard.processor.StandardInsertTagProcessor
[THYMELEAF]             * [* {th:replace}] [100]: org.thymeleaf.standard.processor.StandardReplaceTagProcessor
[THYMELEAF]             * [* {th:each}] [200]: com.intuit.karate.template.KarateEachTagProcessor
[THYMELEAF]             * [* {th:switch}] [250]: org.thymeleaf.standard.processor.StandardSwitchTagProcessor
[THYMELEAF]             * [* {th:case}] [275]: org.thymeleaf.standard.processor.StandardCaseTagProcessor
[THYMELEAF]             * [* {th:if}] [300]: org.thymeleaf.standard.processor.StandardIfTagProcessor
[THYMELEAF]             * [* {th:unless}] [400]: org.thymeleaf.standard.processor.StandardUnlessTagProcessor
[THYMELEAF]             * [* {th:object}] [500]: org.thymeleaf.standard.processor.StandardObjectTagProcessor
[THYMELEAF]             * [* {th:with}] [600]: com.intuit.karate.template.KarateWithTagProcessor
[THYMELEAF]             * [* {th:inline}] [1000]: org.thymeleaf.standard.processor.StandardInlineTextualTagProcessor
[THYMELEAF]             * [* {th:text}] [1300]: org.thymeleaf.standard.processor.StandardTextTagProcessor
[THYMELEAF]             * [* {th:utext}] [1400]: org.thymeleaf.standard.processor.StandardUtextTagProcessor
[THYMELEAF]             * [* {th:assert}] [1550]: org.thymeleaf.standard.processor.StandardAssertTagProcessor
[THYMELEAF]             * [* {th:remove}] [1600]: org.thymeleaf.standard.processor.StandardRemoveTagProcessor
[THYMELEAF]             * [{th:block} *] [100000]: org.thymeleaf.standard.processor.StandardBlockTagProcessor
[THYMELEAF]             * [* 100000] [org.thymeleaf.standard.processor.StandardBlockTagProcessor]: {}
[THYMELEAF]         * Text Processors by [precedence]:
[THYMELEAF]             * [1000]: org.thymeleaf.standard.processor.StandardInliningTextProcessor
[THYMELEAF]     * Processors for Template Mode: CSS
[THYMELEAF]         * Element Tag Processors by [matching element and attribute name] [precedence]:
[THYMELEAF]             * [* {th:insert}] [100]: org.thymeleaf.standard.processor.StandardInsertTagProcessor
[THYMELEAF]             * [* {th:replace}] [100]: org.thymeleaf.standard.processor.StandardReplaceTagProcessor
[THYMELEAF]             * [* {th:each}] [200]: com.intuit.karate.template.KarateEachTagProcessor
[THYMELEAF]             * [* {th:switch}] [250]: org.thymeleaf.standard.processor.StandardSwitchTagProcessor
[THYMELEAF]             * [* {th:case}] [275]: org.thymeleaf.standard.processor.StandardCaseTagProcessor
[THYMELEAF]             * [* {th:if}] [300]: org.thymeleaf.standard.processor.StandardIfTagProcessor
[THYMELEAF]             * [* {th:unless}] [400]: org.thymeleaf.standard.processor.StandardUnlessTagProcessor
[THYMELEAF]             * [* {th:object}] [500]: org.thymeleaf.standard.processor.StandardObjectTagProcessor
[THYMELEAF]             * [* {th:with}] [600]: com.intuit.karate.template.KarateWithTagProcessor
[THYMELEAF]             * [* {th:inline}] [1000]: org.thymeleaf.standard.processor.StandardInlineTextualTagProcessor
[THYMELEAF]             * [* {th:text}] [1300]: org.thymeleaf.standard.processor.StandardTextTagProcessor
[THYMELEAF]             * [* {th:utext}] [1400]: org.thymeleaf.standard.processor.StandardUtextTagProcessor
[THYMELEAF]             * [* {th:assert}] [1550]: org.thymeleaf.standard.processor.StandardAssertTagProcessor
[THYMELEAF]             * [* {th:remove}] [1600]: org.thymeleaf.standard.processor.StandardRemoveTagProcessor
[THYMELEAF]             * [* 100000] [org.thymeleaf.standard.processor.StandardBlockTagProcessor]: {}
[THYMELEAF]             * [{th:block} *] [100000]: org.thymeleaf.standard.processor.StandardBlockTagProcessor
[THYMELEAF]         * Text Processors by [precedence]:
[THYMELEAF]             * [1000]: org.thymeleaf.standard.processor.StandardInliningTextProcessor
[THYMELEAF]     * Expression Objects:
[THYMELEAF]         * #ctx
[THYMELEAF]         * #root
[THYMELEAF]         * #vars
[THYMELEAF]         * #object
[THYMELEAF]         * #locale
[THYMELEAF]         * #conversions
[THYMELEAF]         * #uris
[THYMELEAF]         * #temporals
[THYMELEAF]         * #calendars
[THYMELEAF]         * #dates
[THYMELEAF]         * #bools
[THYMELEAF]         * #numbers
[THYMELEAF]         * #objects
[THYMELEAF]         * #strings
[THYMELEAF]         * #arrays
[THYMELEAF]         * #lists
[THYMELEAF]         * #sets
[THYMELEAF]         * #maps
[THYMELEAF]         * #aggregates
[THYMELEAF]         * #messages
[THYMELEAF]         * #ids
[THYMELEAF]         * #execInfo
[THYMELEAF]         * #request
[THYMELEAF]         * #response
[THYMELEAF]         * #session
[THYMELEAF]         * #servletContext
[THYMELEAF]     * Execution Attributes:
[THYMELEAF]         * "StandardExpressionParser": com.intuit.karate.template.KarateStandardDialect@4fee14b
[THYMELEAF]         * "StandardJavaScriptSerializer": org.thymeleaf.standard.serializer.StandardJavaScriptSerializer@2cadcff6
[THYMELEAF]         * "StandardCSSSerializer": org.thymeleaf.standard.serializer.StandardCSSSerializer@76e00bdb
[THYMELEAF]         * "StandardVariableExpressionEvaluator": com.intuit.karate.template.KarateStandardDialect@4fee14b
[THYMELEAF]         * "StandardConversionService": org.thymeleaf.standard.expression.StandardConversionService@7ee2423
[THYMELEAF] * Dialect [2 of 2]: karate (com.intuit.karate.template.KarateScriptDialect)
[THYMELEAF]     * Prefix: "ka"
[THYMELEAF]     * Processors for Template Mode: HTML
[THYMELEAF]         * Element Tag Processors by [matching element and attribute name] [precedence]:
[THYMELEAF]             * [* {src}] [1000]: com.intuit.karate.template.KaScriptAttrProcessor
[THYMELEAF]         * Element Model Processors by [matching element and attribute name] [precedence]:
[THYMELEAF]             * [{script} {ka:scope,data-ka-scope}] [1000]: com.intuit.karate.template.KaScriptElemProcessor
[THYMELEAF]             * [* {ka:set,data-ka-set}] [1000]: com.intuit.karate.template.KaSetElemProcessor
[THYMELEAF] TEMPLATE ENGINE CONFIGURED OK
20:09:32.492 [main] DEBUG org.thymeleaf.TemplateEngine -- [THYMELEAF] TEMPLATE ENGINE INITIALIZED

HTML report: (paste into browser to view) | Karate version: 1.5.0
file:///C:/Users/maria/Documents/AAA%20-%20QAXpert/Real-Experience/qax-real-exp-apis-kt/target/karate-reports/karate-summary.html
===================================================================

]]></system-out>
  </testcase>
</testsuite>